mode: set
github.com/mrqdt/magnum-opus/candle-service/internal/cascade/cascade.go:66.48,67.19 1 1
github.com/mrqdt/magnum-opus/candle-service/internal/cascade/cascade.go:67.19,69.3 1 1
github.com/mrqdt/magnum-opus/candle-service/internal/cascade/cascade.go:70.2,70.38 1 1
github.com/mrqdt/magnum-opus/candle-service/internal/cascade/cascade.go:70.38,73.3 2 1
github.com/mrqdt/magnum-opus/candle-service/internal/cascade/cascade.go:74.2,74.21 1 1
github.com/mrqdt/magnum-opus/candle-service/internal/cascade/cascade.go:74.21,75.43 1 1
github.com/mrqdt/magnum-opus/candle-service/internal/cascade/cascade.go:75.43,78.4 2 1
github.com/mrqdt/magnum-opus/candle-service/internal/cascade/cascade.go:80.2,80.20 1 1
github.com/mrqdt/magnum-opus/candle-service/internal/cascade/cascade.go:80.20,81.40 1 1
github.com/mrqdt/magnum-opus/candle-service/internal/cascade/cascade.go:81.40,84.4 2 1
github.com/mrqdt/magnum-opus/candle-service/internal/cascade/cascade.go:86.2,86.22 1 1
github.com/mrqdt/magnum-opus/candle-service/internal/cascade/cascade.go:86.22,89.3 2 1
github.com/mrqdt/magnum-opus/candle-service/internal/cascade/cascade.go:90.2,90.23 1 1
github.com/mrqdt/magnum-opus/candle-service/internal/cascade/cascade.go:90.23,92.3 1 1
github.com/mrqdt/magnum-opus/candle-service/internal/cascade/cascade.go:93.2,93.28 1 1
github.com/mrqdt/magnum-opus/candle-service/internal/cascade/cascade.go:93.28,95.3 1 1
github.com/mrqdt/magnum-opus/candle-service/internal/cascade/cascade.go:96.2,98.28 3 1
github.com/mrqdt/magnum-opus/candle-service/internal/cascade/cascade.go:101.42,103.2 1 1
github.com/mrqdt/magnum-opus/candle-service/internal/cascade/cascade.go:105.81,118.19 2 1
github.com/mrqdt/magnum-opus/candle-service/internal/cascade/cascade.go:118.19,121.3 2 1
github.com/mrqdt/magnum-opus/candle-service/internal/cascade/cascade.go:122.2,122.19 1 1
github.com/mrqdt/magnum-opus/candle-service/internal/cascade/cascade.go:122.19,125.3 2 1
github.com/mrqdt/magnum-opus/candle-service/internal/cascade/cascade.go:126.2,126.18 1 1
github.com/mrqdt/magnum-opus/candle-service/internal/cascade/cascade.go:126.18,129.3 2 1
github.com/mrqdt/magnum-opus/candle-service/internal/cascade/cascade.go:130.2,130.23 1 1
github.com/mrqdt/magnum-opus/candle-service/internal/cascade/cascade.go:130.23,133.3 2 1
github.com/mrqdt/magnum-opus/candle-service/internal/cascade/cascade.go:134.2,134.10 1 1
github.com/mrqdt/magnum-opus/candle-service/internal/cascade/cascade.go:139.44,142.12 3 1
github.com/mrqdt/magnum-opus/candle-service/internal/cascade/cascade.go:143.12,144.70 1 1
github.com/mrqdt/magnum-opus/candle-service/internal/cascade/cascade.go:145.12,146.78 1 1
github.com/mrqdt/magnum-opus/candle-service/internal/cascade/cascade.go:147.13,148.80 1 1
github.com/mrqdt/magnum-opus/candle-service/internal/cascade/cascade.go:149.12,150.66 1 1
github.com/mrqdt/magnum-opus/candle-service/internal/cascade/cascade.go:151.12,152.74 1 1
github.com/mrqdt/magnum-opus/candle-service/internal/cascade/cascade.go:153.12,154.76 1 1
github.com/mrqdt/magnum-opus/candle-service/internal/cascade/cascade.go:155.12,157.103 1 1
github.com/mrqdt/magnum-opus/candle-service/internal/cascade/cascade.go:159.2,159.14 1 0
github.com/mrqdt/magnum-opus/candle-service/internal/cascade/cascade.go:171.60,173.28 2 1
github.com/mrqdt/magnum-opus/candle-service/internal/cascade/cascade.go:173.28,175.3 1 1
github.com/mrqdt/magnum-opus/candle-service/internal/cascade/cascade.go:176.2,176.74 1 1
github.com/mrqdt/magnum-opus/candle-service/internal/cascade/cascade.go:181.65,183.28 2 1
github.com/mrqdt/magnum-opus/candle-service/internal/cascade/cascade.go:183.28,186.30 3 1
github.com/mrqdt/magnum-opus/candle-service/internal/cascade/cascade.go:186.30,189.4 2 1
github.com/mrqdt/magnum-opus/candle-service/internal/cascade/cascade.go:191.2,191.15 1 1
github.com/mrqdt/magnum-opus/candle-service/internal/cascade/cascade.go:196.40,198.2 1 1
github.com/mrqdt/magnum-opus/candle-service/internal/cascade/cascade.go:202.67,205.36 3 1
github.com/mrqdt/magnum-opus/candle-service/internal/cascade/cascade.go:205.36,207.3 1 1
github.com/mrqdt/magnum-opus/candle-service/internal/cascade/cascade.go:208.2,212.35 5 1
github.com/mrqdt/magnum-opus/candle-service/internal/cascade/cascade.go:212.35,214.3 1 1
github.com/mrqdt/magnum-opus/candle-service/internal/cascade/cascade.go:215.2,215.38 1 1
github.com/mrqdt/magnum-opus/candle-service/internal/cascade/cascade.go:215.38,217.3 1 1
github.com/mrqdt/magnum-opus/candle-service/internal/cascade/cascade.go:218.2,218.40 1 1
github.com/mrqdt/magnum-opus/candle-service/internal/cascade/cascade.go:218.40,220.3 1 1
github.com/mrqdt/magnum-opus/candle-service/internal/cascade/cascade.go:221.2,221.38 1 1
github.com/mrqdt/magnum-opus/candle-service/internal/cascade/cascade.go:221.38,223.3 1 1
github.com/mrqdt/magnum-opus/candle-service/internal/cascade/cascade.go:224.2,224.38 1 1
github.com/mrqdt/magnum-opus/candle-service/internal/cascade/cascade.go:224.38,226.3 1 1
github.com/mrqdt/magnum-opus/candle-service/internal/cascade/cascade.go:231.50,245.2 13 1
github.com/mrqdt/magnum-opus/candle-service/internal/cascade/cascade.go:247.38,248.14 1 1
github.com/mrqdt/magnum-opus/candle-service/internal/cascade/cascade.go:248.14,250.3 1 0
github.com/mrqdt/magnum-opus/candle-service/internal/cascade/cascade.go:251.2,251.45 1 1
github.com/mrqdt/magnum-opus/candle-service/internal/cascade/cascade.go:254.39,255.13 1 1
github.com/mrqdt/magnum-opus/candle-service/internal/cascade/cascade.go:255.13,257.3 1 1
github.com/mrqdt/magnum-opus/candle-service/internal/cascade/cascade.go:258.2,259.16 2 1
github.com/mrqdt/magnum-opus/candle-service/internal/cascade/cascade.go:259.16,261.3 1 0
github.com/mrqdt/magnum-opus/candle-service/internal/cascade/cascade.go:262.2,262.11 1 1
github.com/mrqdt/magnum-opus/candle-service/internal/blockwindow/window.go:22.45,23.20 1 1
github.com/mrqdt/magnum-opus/candle-service/internal/blockwindow/window.go:23.20,24.52 1 1
github.com/mrqdt/magnum-opus/candle-service/internal/blockwindow/window.go:26.2,26.19 1 1
github.com/mrqdt/magnum-opus/candle-service/internal/blockwindow/window.go:26.19,27.51 1 1
github.com/mrqdt/magnum-opus/candle-service/internal/blockwindow/window.go:29.2,33.3 1 1
github.com/mrqdt/magnum-opus/candle-service/internal/blockwindow/window.go:38.36,39.34 1 1
github.com/mrqdt/magnum-opus/candle-service/internal/blockwindow/window.go:39.34,43.3 2 1
github.com/mrqdt/magnum-opus/candle-service/internal/blockwindow/window.go:44.2,44.33 1 1
github.com/mrqdt/magnum-opus/candle-service/internal/blockwindow/window.go:50.46,51.23 1 1
github.com/mrqdt/magnum-opus/candle-service/internal/blockwindow/window.go:51.23,53.3 1 1
github.com/mrqdt/magnum-opus/candle-service/internal/blockwindow/window.go:54.2,54.32 1 1
github.com/mrqdt/magnum-opus/candle-service/internal/blockwindow/window.go:54.32,56.3 1 1
github.com/mrqdt/magnum-opus/candle-service/internal/blockwindow/window.go:57.2,61.13 5 1
github.com/mrqdt/magnum-opus/candle-service/internal/blockwindow/window.go:61.13,63.3 1 0
github.com/mrqdt/magnum-opus/candle-service/internal/blockwindow/window.go:64.2,64.24 1 1
github.com/mrqdt/magnum-opus/candle-service/internal/blockwindow/window.go:64.24,66.3 1 0
github.com/mrqdt/magnum-opus/candle-service/internal/blockwindow/window.go:67.2,67.26 1 1
github.com/mrqdt/magnum-opus/candle-service/internal/blockwindow/window.go:72.36,76.2 3 1
github.com/mrqdt/magnum-opus/candle-service/internal/blockwindow/window.go:80.43,81.31 1 1
github.com/mrqdt/magnum-opus/candle-service/internal/blockwindow/window.go:81.31,83.3 1 1
github.com/mrqdt/magnum-opus/candle-service/internal/blockwindow/window.go:84.2,85.22 2 1
github.com/mrqdt/magnum-opus/candle-service/internal/features/depth.go:35.71,41.41 4 1
github.com/mrqdt/magnum-opus/candle-service/internal/features/depth.go:41.41,41.85 1 1
github.com/mrqdt/magnum-opus/candle-service/internal/features/depth.go:43.2,43.41 1 1
github.com/mrqdt/magnum-opus/candle-service/internal/features/depth.go:43.41,43.85 1 1
github.com/mrqdt/magnum-opus/candle-service/internal/features/depth.go:45.2,49.21 5 1
github.com/mrqdt/magnum-opus/candle-service/internal/features/depth.go:49.21,51.3 1 1
github.com/mrqdt/magnum-opus/candle-service/internal/features/depth.go:52.2,52.21 1 1
github.com/mrqdt/magnum-opus/candle-service/internal/features/depth.go:52.21,54.3 1 1
github.com/mrqdt/magnum-opus/candle-service/internal/features/depth.go:57.2,57.21 1 1
github.com/mrqdt/magnum-opus/candle-service/internal/features/depth.go:57.21,59.3 1 1
github.com/mrqdt/magnum-opus/candle-service/internal/features/depth.go:60.2,60.21 1 1
github.com/mrqdt/magnum-opus/candle-service/internal/features/depth.go:60.21,62.3 1 1
github.com/mrqdt/magnum-opus/candle-service/internal/features/depth.go:63.2,63.10 1 1
github.com/mrqdt/magnum-opus/candle-service/internal/features/depth.go:69.70,70.18 1 1
github.com/mrqdt/magnum-opus/candle-service/internal/features/depth.go:70.18,72.3 1 1
github.com/mrqdt/magnum-opus/candle-service/internal/features/depth.go:73.2,75.38 3 1
github.com/mrqdt/magnum-opus/candle-service/internal/features/depth.go:75.38,78.43 3 1
github.com/mrqdt/magnum-opus/candle-service/internal/features/depth.go:78.43,79.12 1 1
github.com/mrqdt/magnum-opus/candle-service/internal/features/depth.go:81.3,81.30 1 1
github.com/mrqdt/magnum-opus/candle-service/internal/features/depth.go:81.30,83.4 1 1
github.com/mrqdt/magnum-opus/candle-service/internal/features/depth.go:85.2,85.14 1 1
github.com/mrqdt/magnum-opus/candle-service/internal/features/depth.go:91.70,92.18 1 1
github.com/mrqdt/magnum-opus/candle-service/internal/features/depth.go:92.18,94.3 1 1
github.com/mrqdt/magnum-opus/candle-service/internal/features/depth.go:95.2,97.38 3 1
github.com/mrqdt/magnum-opus/candle-service/internal/features/depth.go:97.38,100.43 3 1
github.com/mrqdt/magnum-opus/candle-service/internal/features/depth.go:100.43,101.12 1 0
github.com/mrqdt/magnum-opus/candle-service/internal/features/depth.go:103.3,103.30 1 1
github.com/mrqdt/magnum-opus/candle-service/internal/features/depth.go:103.30,105.4 1 1
github.com/mrqdt/magnum-opus/candle-service/internal/features/depth.go:107.2,107.14 1 1
github.com/mrqdt/magnum-opus/candle-service/internal/features/depth.go:110.52,112.35 2 1
github.com/mrqdt/magnum-opus/candle-service/internal/features/depth.go:112.35,115.43 3 1
github.com/mrqdt/magnum-opus/candle-service/internal/features/depth.go:115.43,116.12 1 1
github.com/mrqdt/magnum-opus/candle-service/internal/features/depth.go:118.3,118.57 1 1
github.com/mrqdt/magnum-opus/candle-service/internal/features/depth.go:120.2,120.15 1 1
github.com/mrqdt/magnum-opus/candle-service/internal/features/depth.go:125.79,127.28 2 1
github.com/mrqdt/magnum-opus/candle-service/internal/features/depth.go:127.28,130.12 3 1
github.com/mrqdt/magnum-opus/candle-service/internal/features/depth.go:131.10,132.14 1 1
github.com/mrqdt/magnum-opus/candle-service/internal/features/depth.go:133.10,134.14 1 1
github.com/mrqdt/magnum-opus/candle-service/internal/features/depth.go:135.10,136.17 1 1
github.com/mrqdt/magnum-opus/candle-service/internal/features/depth.go:140.2,141.11 2 1
github.com/mrqdt/magnum-opus/candle-service/internal/features/depth.go:141.11,143.3 1 1
github.com/mrqdt/magnum-opus/candle-service/internal/features/depth.go:144.2,144.12 1 1
github.com/mrqdt/magnum-opus/candle-service/internal/features/depth.go:144.12,146.3 1 1
github.com/mrqdt/magnum-opus/candle-service/internal/features/depth.go:147.2,147.15 1 1
github.com/mrqdt/magnum-opus/candle-service/internal/features/depth.go:147.15,149.3 1 1
github.com/mrqdt/magnum-opus/candle-service/internal/features/depth.go:150.2,150.8 1 1
github.com/mrqdt/magnum-opus/candle-service/internal/features/features.go:11.41,13.2 1 1
github.com/mrqdt/magnum-opus/candle-service/internal/features/features.go:16.39,18.2 1 1
github.com/mrqdt/magnum-opus/candle-service/internal/features/features.go:23.67,25.2 1 1
github.com/mrqdt/magnum-opus/candle-service/internal/features/features.go:46.45,48.46 1 1
github.com/mrqdt/magnum-opus/candle-service/internal/features/features.go:48.46,50.3 1 1
github.com/mrqdt/magnum-opus/candle-service/internal/features/features.go:51.2,61.9 10 1
github.com/mrqdt/magnum-opus/candle-service/internal/features/features.go:62.28,63.33 1 1
github.com/mrqdt/magnum-opus/candle-service/internal/features/features.go:64.27,65.22 1 1
github.com/mrqdt/magnum-opus/candle-service/internal/features/features.go:69.2,70.9 2 1
github.com/mrqdt/magnum-opus/candle-service/internal/features/features.go:71.28,72.33 1 1
github.com/mrqdt/magnum-opus/candle-service/internal/features/features.go:73.27,74.22 1 1
github.com/mrqdt/magnum-opus/candle-service/internal/features/features.go:78.2,78.28 1 1
github.com/mrqdt/magnum-opus/candle-service/internal/backoff/backoff.go:24.75,31.2 1 1
github.com/mrqdt/magnum-opus/candle-service/internal/backoff/backoff.go:36.51,39.16 3 1
github.com/mrqdt/magnum-opus/candle-service/internal/backoff/backoff.go:39.16,41.3 1 1
github.com/mrqdt/magnum-opus/candle-service/internal/backoff/backoff.go:43.2,46.11 4 1
github.com/mrqdt/magnum-opus/candle-service/internal/backoff/backoff.go:46.11,48.3 1 0
github.com/mrqdt/magnum-opus/candle-service/internal/backoff/backoff.go:49.2,49.10 1 1
github.com/mrqdt/magnum-opus/candle-service/internal/config/config.go:53.20,83.2 1 1
github.com/mrqdt/magnum-opus/candle-service/internal/config/config.go:85.42,86.34 1 1
github.com/mrqdt/magnum-opus/candle-service/internal/config/config.go:86.34,88.3 1 1
github.com/mrqdt/magnum-opus/candle-service/internal/config/config.go:89.2,89.17 1 1
github.com/mrqdt/magnum-opus/candle-service/internal/config/config.go:92.69,93.34 1 1
github.com/mrqdt/magnum-opus/candle-service/internal/config/config.go:93.34,94.53 1 1
github.com/mrqdt/magnum-opus/candle-service/internal/config/config.go:94.53,96.4 1 1
github.com/mrqdt/magnum-opus/candle-service/internal/config/config.go:98.2,98.50 1 1
github.com/mrqdt/magnum-opus/candle-service/internal/config/config.go:101.46,102.34 1 1
github.com/mrqdt/magnum-opus/candle-service/internal/config/config.go:102.34,103.53 1 1
github.com/mrqdt/magnum-opus/candle-service/internal/config/config.go:103.53,105.4 1 1
github.com/mrqdt/magnum-opus/candle-service/internal/config/config.go:107.2,107.17 1 1
github.com/mrqdt/magnum-opus/candle-service/internal/config/config.go:112.43,113.15 1 1
github.com/mrqdt/magnum-opus/candle-service/internal/config/config.go:113.15,115.3 1 1
github.com/mrqdt/magnum-opus/candle-service/internal/config/config.go:116.2,118.26 3 1
github.com/mrqdt/magnum-opus/candle-service/internal/config/config.go:118.26,119.41 1 1
github.com/mrqdt/magnum-opus/candle-service/internal/config/config.go:119.41,121.4 1 1
github.com/mrqdt/magnum-opus/candle-service/internal/config/config.go:123.2,123.12 1 1
github.com/mrqdt/magnum-opus/candle-service/internal/accumulator/accumulator.go:248.59,255.2 1 1
github.com/mrqdt/magnum-opus/candle-service/internal/accumulator/accumulator.go:263.129,273.58 5 1
github.com/mrqdt/magnum-opus/candle-service/internal/accumulator/accumulator.go:273.58,276.33 3 1
github.com/mrqdt/magnum-opus/candle-service/internal/accumulator/accumulator.go:276.33,278.26 1 1
github.com/mrqdt/magnum-opus/candle-service/internal/accumulator/accumulator.go:278.26,279.25 1 1
github.com/mrqdt/magnum-opus/candle-service/internal/accumulator/accumulator.go:279.25,281.6 1 1
github.com/mrqdt/magnum-opus/candle-service/internal/accumulator/accumulator.go:282.5,282.25 1 1
github.com/mrqdt/magnum-opus/candle-service/internal/accumulator/accumulator.go:282.25,284.6 1 1
github.com/mrqdt/magnum-opus/candle-service/internal/accumulator/accumulator.go:286.4,291.23 5 1
github.com/mrqdt/magnum-opus/candle-service/internal/accumulator/accumulator.go:291.23,295.5 3 1
github.com/mrqdt/magnum-opus/candle-service/internal/accumulator/accumulator.go:297.4,301.21 4 1
github.com/mrqdt/magnum-opus/candle-service/internal/accumulator/accumulator.go:301.21,304.5 2 1
github.com/mrqdt/magnum-opus/candle-service/internal/accumulator/accumulator.go:305.4,305.43 1 1
github.com/mrqdt/magnum-opus/candle-service/internal/accumulator/accumulator.go:305.43,307.5 1 1
github.com/mrqdt/magnum-opus/candle-service/internal/accumulator/accumulator.go:308.4,308.42 1 1
github.com/mrqdt/magnum-opus/candle-service/internal/accumulator/accumulator.go:308.42,310.5 1 1
github.com/mrqdt/magnum-opus/candle-service/internal/accumulator/accumulator.go:311.4,312.45 2 1
github.com/mrqdt/magnum-opus/candle-service/internal/accumulator/accumulator.go:312.45,314.5 1 1
github.com/mrqdt/magnum-opus/candle-service/internal/accumulator/accumulator.go:315.4,315.44 1 1
github.com/mrqdt/magnum-opus/candle-service/internal/accumulator/accumulator.go:315.44,317.5 1 1
github.com/mrqdt/magnum-opus/candle-service/internal/accumulator/accumulator.go:318.4,328.53 7 1
github.com/mrqdt/magnum-opus/candle-service/internal/accumulator/accumulator.go:328.53,339.5 10 1
github.com/mrqdt/magnum-opus/candle-service/internal/accumulator/accumulator.go:340.4,341.23 2 1
github.com/mrqdt/magnum-opus/candle-service/internal/accumulator/accumulator.go:345.2,345.14 1 1
github.com/mrqdt/magnum-opus/candle-service/internal/accumulator/accumulator.go:345.14,347.3 1 1
github.com/mrqdt/magnum-opus/candle-service/internal/accumulator/accumulator.go:350.2,351.16 2 1
github.com/mrqdt/magnum-opus/candle-service/internal/accumulator/accumulator.go:351.16,353.3 1 0
github.com/mrqdt/magnum-opus/candle-service/internal/accumulator/accumulator.go:354.2,355.16 2 1
github.com/mrqdt/magnum-opus/candle-service/internal/accumulator/accumulator.go:355.16,357.3 1 0
github.com/mrqdt/magnum-opus/candle-service/internal/accumulator/accumulator.go:360.2,360.22 1 1
github.com/mrqdt/magnum-opus/candle-service/internal/accumulator/accumulator.go:360.22,362.13 2 1
github.com/mrqdt/magnum-opus/candle-service/internal/accumulator/accumulator.go:362.13,365.4 2 1
github.com/mrqdt/magnum-opus/candle-service/internal/accumulator/accumulator.go:367.2,370.22 2 1
github.com/mrqdt/magnum-opus/candle-service/internal/accumulator/accumulator.go:370.22,371.18 1 1
github.com/mrqdt/magnum-opus/candle-service/internal/accumulator/accumulator.go:371.18,373.4 1 1
github.com/mrqdt/magnum-opus/candle-service/internal/accumulator/accumulator.go:373.9,373.25 1 1
github.com/mrqdt/magnum-opus/candle-service/internal/accumulator/accumulator.go:373.25,375.4 1 1
github.com/mrqdt/magnum-opus/candle-service/internal/accumulator/accumulator.go:378.2,378.23 1 1
github.com/mrqdt/magnum-opus/candle-service/internal/accumulator/accumulator.go:378.23,383.3 4 1
github.com/mrqdt/magnum-opus/candle-service/internal/accumulator/accumulator.go:383.8,384.17 1 1
github.com/mrqdt/magnum-opus/candle-service/internal/accumulator/accumulator.go:384.17,386.4 1 1
github.com/mrqdt/magnum-opus/candle-service/internal/accumulator/accumulator.go:387.3,387.16 1 1
github.com/mrqdt/magnum-opus/candle-service/internal/accumulator/accumulator.go:387.16,389.4 1 1
github.com/mrqdt/magnum-opus/candle-service/internal/accumulator/accumulator.go:391.2,396.24 4 1
github.com/mrqdt/magnum-opus/candle-service/internal/accumulator/accumulator.go:396.24,398.3 1 1
github.com/mrqdt/magnum-opus/candle-service/internal/accumulator/accumulator.go:399.2,400.23 2 1
github.com/mrqdt/magnum-opus/candle-service/internal/accumulator/accumulator.go:400.23,403.3 2 1
github.com/mrqdt/magnum-opus/candle-service/internal/accumulator/accumulator.go:403.8,403.41 1 1
github.com/mrqdt/magnum-opus/candle-service/internal/accumulator/accumulator.go:403.41,405.3 1 1
github.com/mrqdt/magnum-opus/candle-service/internal/accumulator/accumulator.go:405.8,408.3 2 1
github.com/mrqdt/magnum-opus/candle-service/internal/accumulator/accumulator.go:409.2,409.47 1 1
github.com/mrqdt/magnum-opus/candle-service/internal/accumulator/accumulator.go:409.47,411.3 1 1
github.com/mrqdt/magnum-opus/candle-service/internal/accumulator/accumulator.go:414.2,415.19 2 1
github.com/mrqdt/magnum-opus/candle-service/internal/accumulator/accumulator.go:415.19,417.3 1 1
github.com/mrqdt/magnum-opus/candle-service/internal/accumulator/accumulator.go:418.2,418.23 1 1
github.com/mrqdt/magnum-opus/candle-service/internal/accumulator/accumulator.go:418.23,420.3 1 1
github.com/mrqdt/magnum-opus/candle-service/internal/accumulator/accumulator.go:420.8,422.3 1 1
github.com/mrqdt/magnum-opus/candle-service/internal/accumulator/accumulator.go:423.2,428.19 5 1
github.com/mrqdt/magnum-opus/candle-service/internal/accumulator/accumulator.go:428.19,431.3 2 1
github.com/mrqdt/magnum-opus/candle-service/internal/accumulator/accumulator.go:434.2,434.12 1 1
github.com/mrqdt/magnum-opus/candle-service/internal/accumulator/accumulator.go:434.12,439.3 4 1
github.com/mrqdt/magnum-opus/candle-service/internal/accumulator/accumulator.go:445.66,446.19 1 1
github.com/mrqdt/magnum-opus/candle-service/internal/accumulator/accumulator.go:446.19,449.3 2 1
github.com/mrqdt/magnum-opus/candle-service/internal/accumulator/accumulator.go:449.8,452.3 2 1
github.com/mrqdt/magnum-opus/candle-service/internal/accumulator/accumulator.go:453.2,453.23 1 1
github.com/mrqdt/magnum-opus/candle-service/internal/accumulator/accumulator.go:458.62,461.2 2 1
github.com/mrqdt/magnum-opus/candle-service/internal/accumulator/accumulator.go:465.63,468.2 2 1
github.com/mrqdt/magnum-opus/candle-service/internal/accumulator/accumulator.go:471.38,473.2 1 1
github.com/mrqdt/magnum-opus/candle-service/internal/accumulator/accumulator.go:478.43,479.41 1 1
github.com/mrqdt/magnum-opus/candle-service/internal/accumulator/accumulator.go:479.41,484.3 3 1
github.com/mrqdt/magnum-opus/candle-service/internal/accumulator/accumulator.go:488.71,489.19 1 1
github.com/mrqdt/magnum-opus/candle-service/internal/accumulator/accumulator.go:489.19,492.3 2 1
github.com/mrqdt/magnum-opus/candle-service/internal/accumulator/accumulator.go:492.8,495.3 2 1
github.com/mrqdt/magnum-opus/candle-service/internal/accumulator/accumulator.go:496.2,496.24 1 1
github.com/mrqdt/magnum-opus/candle-service/internal/accumulator/accumulator.go:500.54,501.19 1 1
github.com/mrqdt/magnum-opus/candle-service/internal/accumulator/accumulator.go:501.19,503.3 1 1
github.com/mrqdt/magnum-opus/candle-service/internal/accumulator/accumulator.go:503.8,505.3 1 1
github.com/mrqdt/magnum-opus/candle-service/internal/accumulator/accumulator.go:506.2,506.24 1 1
github.com/mrqdt/magnum-opus/candle-service/internal/accumulator/accumulator.go:510.43,513.2 2 1
github.com/mrqdt/magnum-opus/candle-service/internal/accumulator/accumulator.go:518.69,528.16 2 1
github.com/mrqdt/magnum-opus/candle-service/internal/accumulator/accumulator.go:528.16,531.3 2 1
github.com/mrqdt/magnum-opus/candle-service/internal/accumulator/accumulator.go:533.2,533.22 1 1
github.com/mrqdt/magnum-opus/candle-service/internal/accumulator/accumulator.go:533.22,543.13 9 1
github.com/mrqdt/magnum-opus/candle-service/internal/accumulator/accumulator.go:543.13,547.4 3 1
github.com/mrqdt/magnum-opus/candle-service/internal/accumulator/accumulator.go:547.9,547.29 1 1
github.com/mrqdt/magnum-opus/candle-service/internal/accumulator/accumulator.go:547.29,549.4 1 1
github.com/mrqdt/magnum-opus/candle-service/internal/accumulator/accumulator.go:549.9,552.4 1 0
github.com/mrqdt/magnum-opus/candle-service/internal/accumulator/accumulator.go:553.3,554.36 2 1
github.com/mrqdt/magnum-opus/candle-service/internal/accumulator/accumulator.go:557.2,557.20 1 1
github.com/mrqdt/magnum-opus/candle-service/internal/accumulator/accumulator.go:557.20,562.3 4 1
github.com/mrqdt/magnum-opus/candle-service/internal/accumulator/accumulator.go:564.2,564.20 1 1
github.com/mrqdt/magnum-opus/candle-service/internal/accumulator/accumulator.go:564.20,567.3 2 1
github.com/mrqdt/magnum-opus/candle-service/internal/accumulator/accumulator.go:568.2,568.21 1 1
github.com/mrqdt/magnum-opus/candle-service/internal/accumulator/accumulator.go:568.21,571.3 2 1
github.com/mrqdt/magnum-opus/candle-service/internal/accumulator/accumulator.go:573.2,573.18 1 1
github.com/mrqdt/magnum-opus/candle-service/internal/accumulator/accumulator.go:573.18,577.3 3 1
github.com/mrqdt/magnum-opus/candle-service/internal/accumulator/accumulator.go:578.2,578.21 1 1
github.com/mrqdt/magnum-opus/candle-service/internal/accumulator/accumulator.go:578.21,580.3 1 1
github.com/mrqdt/magnum-opus/candle-service/internal/accumulator/accumulator.go:581.2,581.17 1 1
github.com/mrqdt/magnum-opus/candle-service/internal/accumulator/accumulator.go:581.17,585.3 3 1
github.com/mrqdt/magnum-opus/candle-service/internal/accumulator/accumulator.go:586.2,586.32 1 1
github.com/mrqdt/magnum-opus/candle-service/internal/accumulator/accumulator.go:586.32,588.3 1 1
github.com/mrqdt/magnum-opus/candle-service/internal/accumulator/accumulator.go:590.2,590.20 1 1
github.com/mrqdt/magnum-opus/candle-service/internal/accumulator/accumulator.go:590.20,599.3 8 1
github.com/mrqdt/magnum-opus/candle-service/internal/accumulator/accumulator.go:600.2,600.21 1 1
github.com/mrqdt/magnum-opus/candle-service/internal/accumulator/accumulator.go:600.21,609.32 9 1
github.com/mrqdt/magnum-opus/candle-service/internal/accumulator/accumulator.go:609.32,612.4 2 1
github.com/mrqdt/magnum-opus/candle-service/internal/accumulator/accumulator.go:613.3,613.32 1 1
github.com/mrqdt/magnum-opus/candle-service/internal/accumulator/accumulator.go:613.32,616.4 2 1
github.com/mrqdt/magnum-opus/candle-service/internal/accumulator/accumulator.go:620.2,620.22 1 1
github.com/mrqdt/magnum-opus/candle-service/internal/accumulator/accumulator.go:620.22,627.24 7 1
github.com/mrqdt/magnum-opus/candle-service/internal/accumulator/accumulator.go:627.24,629.4 1 1
github.com/mrqdt/magnum-opus/candle-service/internal/accumulator/accumulator.go:633.2,633.45 1 1
github.com/mrqdt/magnum-opus/candle-service/internal/accumulator/accumulator.go:633.45,636.3 2 1
github.com/mrqdt/magnum-opus/candle-service/internal/accumulator/accumulator.go:637.2,637.45 1 1
github.com/mrqdt/magnum-opus/candle-service/internal/accumulator/accumulator.go:637.45,640.3 2 0
github.com/mrqdt/magnum-opus/candle-service/internal/accumulator/accumulator.go:644.2,644.21 1 1
github.com/mrqdt/magnum-opus/candle-service/internal/accumulator/accumulator.go:644.21,650.3 5 1
github.com/mrqdt/magnum-opus/candle-service/internal/accumulator/accumulator.go:651.2,651.28 1 1
github.com/mrqdt/magnum-opus/candle-service/internal/accumulator/accumulator.go:651.28,653.3 1 1
github.com/mrqdt/magnum-opus/candle-service/internal/accumulator/accumulator.go:654.2,654.28 1 1
github.com/mrqdt/magnum-opus/candle-service/internal/accumulator/accumulator.go:654.28,656.3 1 1
github.com/mrqdt/magnum-opus/candle-service/internal/accumulator/accumulator.go:657.2,657.24 1 1
github.com/mrqdt/magnum-opus/candle-service/internal/accumulator/accumulator.go:657.24,660.3 2 1
github.com/mrqdt/magnum-opus/candle-service/internal/accumulator/accumulator.go:661.2,661.22 1 1
github.com/mrqdt/magnum-opus/candle-service/internal/accumulator/accumulator.go:661.22,665.3 3 1
github.com/mrqdt/magnum-opus/candle-service/internal/accumulator/accumulator.go:668.2,668.22 1 1
github.com/mrqdt/magnum-opus/candle-service/internal/accumulator/accumulator.go:668.22,670.3 1 1
github.com/mrqdt/magnum-opus/candle-service/internal/accumulator/accumulator.go:671.2,671.23 1 1
github.com/mrqdt/magnum-opus/candle-service/internal/accumulator/accumulator.go:671.23,674.26 3 1
github.com/mrqdt/magnum-opus/candle-service/internal/accumulator/accumulator.go:674.26,678.4 3 1
github.com/mrqdt/magnum-opus/candle-service/internal/accumulator/accumulator.go:679.3,681.19 3 1
github.com/mrqdt/magnum-opus/candle-service/internal/accumulator/accumulator.go:681.19,683.4 1 1
github.com/mrqdt/magnum-opus/candle-service/internal/accumulator/accumulator.go:683.9,685.4 1 1
github.com/mrqdt/magnum-opus/candle-service/internal/accumulator/accumulator.go:687.3,695.27 9 1
github.com/mrqdt/magnum-opus/candle-service/internal/accumulator/accumulator.go:695.27,697.4 1 1
github.com/mrqdt/magnum-opus/candle-service/internal/accumulator/accumulator.go:700.2,700.12 1 1
github.com/mrqdt/magnum-opus/candle-service/internal/accumulator/accumulator.go:705.34,785.2 73 1
github.com/mrqdt/magnum-opus/candle-service/internal/accumulator/accumulator.go:789.31,798.2 8 1
github.com/mrqdt/magnum-opus/candle-service/internal/accumulator/accumulator.go:800.30,800.43 1 1
github.com/mrqdt/magnum-opus/candle-service/internal/accumulator/accumulator.go:801.30,801.43 1 1
github.com/mrqdt/magnum-opus/candle-service/internal/accumulator/accumulator.go:803.30,804.11 1 1
github.com/mrqdt/magnum-opus/candle-service/internal/accumulator/accumulator.go:804.11,806.3 1 1
github.com/mrqdt/magnum-opus/candle-service/internal/accumulator/accumulator.go:807.2,807.10 1 1
github.com/mrqdt/magnum-opus/candle-service/internal/accumulator/accumulator.go:812.47,814.11 2 1
github.com/mrqdt/magnum-opus/candle-service/internal/accumulator/accumulator.go:814.11,816.3 1 0
github.com/mrqdt/magnum-opus/candle-service/internal/accumulator/accumulator.go:817.2,818.25 2 1
github.com/mrqdt/magnum-opus/candle-service/internal/accumulator/accumulator.go:818.25,820.12 2 1
github.com/mrqdt/magnum-opus/candle-service/internal/accumulator/accumulator.go:820.12,822.4 1 0
github.com/mrqdt/magnum-opus/candle-service/internal/accumulator/accumulator.go:823.3,823.21 1 1
github.com/mrqdt/magnum-opus/candle-service/internal/accumulator/accumulator.go:825.2,828.30 4 1
github.com/mrqdt/magnum-opus/candle-service/internal/accumulator/accumulator.go:828.30,830.3 1 1
github.com/mrqdt/magnum-opus/candle-service/internal/accumulator/accumulator.go:831.2,831.14 1 1
github.com/mrqdt/magnum-opus/candle-service/internal/accumulator/accumulator.go:831.14,833.3 1 1
github.com/mrqdt/magnum-opus/candle-service/internal/accumulator/accumulator.go:836.2,837.30 2 1
github.com/mrqdt/magnum-opus/candle-service/internal/accumulator/accumulator.go:837.30,839.3 1 1
github.com/mrqdt/magnum-opus/candle-service/internal/accumulator/accumulator.go:840.2,841.15 2 1
github.com/mrqdt/magnum-opus/candle-service/cmd/candle/main.go:50.34,50.55 1 0
github.com/mrqdt/magnum-opus/candle-service/cmd/candle/main.go:71.49,75.56 4 0
github.com/mrqdt/magnum-opus/candle-service/cmd/candle/main.go:75.56,78.3 2 0
github.com/mrqdt/magnum-opus/candle-service/cmd/candle/main.go:79.2,79.13 1 0
github.com/mrqdt/magnum-opus/candle-service/cmd/candle/main.go:79.13,81.65 2 0
github.com/mrqdt/magnum-opus/candle-service/cmd/candle/main.go:81.65,83.73 2 0
github.com/mrqdt/magnum-opus/candle-service/cmd/candle/main.go:83.73,85.5 1 0
github.com/mrqdt/magnum-opus/candle-service/cmd/candle/main.go:90.50,92.36 2 0
github.com/mrqdt/magnum-opus/candle-service/cmd/candle/main.go:92.36,94.3 1 0
github.com/mrqdt/magnum-opus/candle-service/cmd/candle/main.go:95.2,98.51 4 0
github.com/mrqdt/magnum-opus/candle-service/cmd/candle/main.go:98.51,100.3 1 0
github.com/mrqdt/magnum-opus/candle-service/cmd/candle/main.go:101.2,101.16 1 0
github.com/mrqdt/magnum-opus/candle-service/cmd/candle/main.go:101.16,105.26 3 0
github.com/mrqdt/magnum-opus/candle-service/cmd/candle/main.go:105.26,108.4 2 0
github.com/mrqdt/magnum-opus/candle-service/cmd/candle/main.go:110.2,113.12 4 0
github.com/mrqdt/magnum-opus/candle-service/cmd/candle/main.go:119.43,124.20 5 0
github.com/mrqdt/magnum-opus/candle-service/cmd/candle/main.go:124.20,126.27 2 0
github.com/mrqdt/magnum-opus/candle-service/cmd/candle/main.go:126.27,128.4 1 0
github.com/mrqdt/magnum-opus/candle-service/cmd/candle/main.go:129.3,129.35 1 0
github.com/mrqdt/magnum-opus/candle-service/cmd/candle/main.go:131.2,131.45 1 0
github.com/mrqdt/magnum-opus/candle-service/cmd/candle/main.go:131.45,134.3 1 0
github.com/mrqdt/magnum-opus/candle-service/cmd/candle/main.go:140.65,141.25 1 0
github.com/mrqdt/magnum-opus/candle-service/cmd/candle/main.go:141.25,143.3 1 0
github.com/mrqdt/magnum-opus/candle-service/cmd/candle/main.go:144.2,144.36 1 0
github.com/mrqdt/magnum-opus/candle-service/cmd/candle/main.go:144.36,146.22 2 0
github.com/mrqdt/magnum-opus/candle-service/cmd/candle/main.go:146.22,147.12 1 0
github.com/mrqdt/magnum-opus/candle-service/cmd/candle/main.go:149.3,149.43 1 0
github.com/mrqdt/magnum-opus/candle-service/cmd/candle/main.go:156.60,158.36 2 0
github.com/mrqdt/magnum-opus/candle-service/cmd/candle/main.go:158.36,162.44 4 0
github.com/mrqdt/magnum-opus/candle-service/cmd/candle/main.go:162.44,163.65 1 0
github.com/mrqdt/magnum-opus/candle-service/cmd/candle/main.go:163.65,165.10 2 0
github.com/mrqdt/magnum-opus/candle-service/cmd/candle/main.go:166.10,168.20 2 0
github.com/mrqdt/magnum-opus/candle-service/cmd/candle/main.go:168.20,170.6 1 0
github.com/mrqdt/magnum-opus/candle-service/cmd/candle/main.go:173.3,173.21 1 0
github.com/mrqdt/magnum-opus/candle-service/cmd/candle/main.go:173.21,176.39 2 0
github.com/mrqdt/magnum-opus/candle-service/cmd/candle/main.go:176.39,178.5 1 0
github.com/mrqdt/magnum-opus/candle-service/cmd/candle/main.go:183.95,184.14 1 0
github.com/mrqdt/magnum-opus/candle-service/cmd/candle/main.go:185.27,186.42 1 0
github.com/mrqdt/magnum-opus/candle-service/cmd/candle/main.go:187.30,188.33 1 0
github.com/mrqdt/magnum-opus/candle-service/cmd/candle/main.go:189.30,190.29 1 0
github.com/mrqdt/magnum-opus/candle-service/cmd/candle/main.go:194.37,196.2 1 0
github.com/mrqdt/magnum-opus/candle-service/cmd/candle/main.go:198.30,201.2 2 0
github.com/mrqdt/magnum-opus/candle-service/cmd/candle/main.go:215.13,236.40 10 0
github.com/mrqdt/magnum-opus/candle-service/cmd/candle/main.go:236.40,238.3 1 0
github.com/mrqdt/magnum-opus/candle-service/cmd/candle/main.go:239.2,239.39 1 0
github.com/mrqdt/magnum-opus/candle-service/cmd/candle/main.go:239.39,241.3 1 0
github.com/mrqdt/magnum-opus/candle-service/cmd/candle/main.go:243.2,244.26 2 0
github.com/mrqdt/magnum-opus/candle-service/cmd/candle/main.go:244.26,246.3 1 0
github.com/mrqdt/magnum-opus/candle-service/cmd/candle/main.go:247.2,248.16 2 0
github.com/mrqdt/magnum-opus/candle-service/cmd/candle/main.go:248.16,251.3 2 0
github.com/mrqdt/magnum-opus/candle-service/cmd/candle/main.go:255.2,258.38 3 0
github.com/mrqdt/magnum-opus/candle-service/cmd/candle/main.go:258.38,259.23 1 0
github.com/mrqdt/magnum-opus/candle-service/cmd/candle/main.go:259.23,261.4 1 0
github.com/mrqdt/magnum-opus/candle-service/cmd/candle/main.go:261.9,264.4 2 0
github.com/mrqdt/magnum-opus/candle-service/cmd/candle/main.go:265.8,267.3 1 0
github.com/mrqdt/magnum-opus/candle-service/cmd/candle/main.go:269.2,270.16 2 0
github.com/mrqdt/magnum-opus/candle-service/cmd/candle/main.go:270.16,273.3 2 0
github.com/mrqdt/magnum-opus/candle-service/cmd/candle/main.go:274.2,278.45 2 0
github.com/mrqdt/magnum-opus/candle-service/cmd/candle/main.go:278.45,293.13 3 0
github.com/mrqdt/magnum-opus/candle-service/cmd/candle/main.go:293.13,294.57 1 0
github.com/mrqdt/magnum-opus/candle-service/cmd/candle/main.go:294.57,296.5 1 0
github.com/mrqdt/magnum-opus/candle-service/cmd/candle/main.go:298.8,300.3 1 0
github.com/mrqdt/magnum-opus/candle-service/cmd/candle/main.go:302.2,316.26 3 0
github.com/mrqdt/magnum-opus/candle-service/cmd/candle/main.go:316.26,318.32 1 0
github.com/mrqdt/magnum-opus/candle-service/cmd/candle/main.go:318.32,322.5 1 0
github.com/mrqdt/magnum-opus/candle-service/cmd/candle/main.go:323.3,326.17 3 0
github.com/mrqdt/magnum-opus/candle-service/cmd/candle/main.go:326.17,330.4 2 0
github.com/mrqdt/magnum-opus/candle-service/cmd/candle/main.go:331.3,337.86 6 0
github.com/mrqdt/magnum-opus/candle-service/cmd/candle/main.go:337.86,339.26 2 0
github.com/mrqdt/magnum-opus/candle-service/cmd/candle/main.go:339.26,340.56 1 0
github.com/mrqdt/magnum-opus/candle-service/cmd/candle/main.go:340.56,342.6 1 0
github.com/mrqdt/magnum-opus/candle-service/cmd/candle/main.go:344.4,345.113 2 0
github.com/mrqdt/magnum-opus/candle-service/cmd/candle/main.go:348.3,353.32 4 0
github.com/mrqdt/magnum-opus/candle-service/cmd/candle/main.go:353.32,355.4 1 0
github.com/mrqdt/magnum-opus/candle-service/cmd/candle/main.go:357.3,361.34 1 0
github.com/mrqdt/magnum-opus/candle-service/cmd/candle/main.go:361.34,363.5 1 0
github.com/mrqdt/magnum-opus/candle-service/cmd/candle/main.go:366.3,374.21 5 0
github.com/mrqdt/magnum-opus/candle-service/cmd/candle/main.go:374.21,376.4 1 0
github.com/mrqdt/magnum-opus/candle-service/cmd/candle/main.go:378.3,387.31 2 0
github.com/mrqdt/magnum-opus/candle-service/cmd/candle/main.go:391.2,391.28 1 0
github.com/mrqdt/magnum-opus/candle-service/cmd/candle/main.go:391.28,393.37 2 0
github.com/mrqdt/magnum-opus/candle-service/cmd/candle/main.go:393.37,395.84 2 0
github.com/mrqdt/magnum-opus/candle-service/cmd/candle/main.go:395.84,396.60 1 0
github.com/mrqdt/magnum-opus/candle-service/cmd/candle/main.go:396.60,400.6 2 0
github.com/mrqdt/magnum-opus/candle-service/cmd/candle/main.go:400.11,403.6 1 0
github.com/mrqdt/magnum-opus/candle-service/cmd/candle/main.go:404.10,407.5 1 0
github.com/mrqdt/magnum-opus/candle-service/cmd/candle/main.go:412.2,412.28 1 0
github.com/mrqdt/magnum-opus/candle-service/cmd/candle/main.go:412.28,414.37 2 0
github.com/mrqdt/magnum-opus/candle-service/cmd/candle/main.go:414.37,416.23 2 0
github.com/mrqdt/magnum-opus/candle-service/cmd/candle/main.go:416.23,417.13 1 0
github.com/mrqdt/magnum-opus/candle-service/cmd/candle/main.go:419.4,420.42 2 0
github.com/mrqdt/magnum-opus/candle-service/cmd/candle/main.go:420.42,421.13 1 0
github.com/mrqdt/magnum-opus/candle-service/cmd/candle/main.go:423.4,425.18 3 0
github.com/mrqdt/magnum-opus/candle-service/cmd/candle/main.go:425.18,428.13 2 0
github.com/mrqdt/magnum-opus/candle-service/cmd/candle/main.go:430.4,430.45 1 0
github.com/mrqdt/magnum-opus/candle-service/cmd/candle/main.go:430.45,434.5 1 0
github.com/mrqdt/magnum-opus/candle-service/cmd/candle/main.go:439.2,439.28 1 0
github.com/mrqdt/magnum-opus/candle-service/cmd/candle/main.go:439.28,441.49 2 0
github.com/mrqdt/magnum-opus/candle-service/cmd/candle/main.go:441.49,443.37 2 0
github.com/mrqdt/magnum-opus/candle-service/cmd/candle/main.go:443.37,446.5 1 0
github.com/mrqdt/magnum-opus/candle-service/cmd/candle/main.go:451.2,454.41 2 0
github.com/mrqdt/magnum-opus/candle-service/cmd/candle/main.go:454.41,456.29 2 0
github.com/mrqdt/magnum-opus/candle-service/cmd/candle/main.go:456.29,457.37 1 0
github.com/mrqdt/magnum-opus/candle-service/cmd/candle/main.go:457.37,459.5 1 0
github.com/mrqdt/magnum-opus/candle-service/cmd/candle/main.go:461.3,462.29 2 0
github.com/mrqdt/magnum-opus/candle-service/cmd/candle/main.go:462.29,463.28 1 0
github.com/mrqdt/magnum-opus/candle-service/cmd/candle/main.go:463.28,465.10 2 0
github.com/mrqdt/magnum-opus/candle-service/cmd/candle/main.go:468.3,469.41 2 0
github.com/mrqdt/magnum-opus/candle-service/cmd/candle/main.go:469.41,472.30 3 0
github.com/mrqdt/magnum-opus/candle-service/cmd/candle/main.go:472.30,473.54 1 0
github.com/mrqdt/magnum-opus/candle-service/cmd/candle/main.go:473.54,475.6 1 0
github.com/mrqdt/magnum-opus/candle-service/cmd/candle/main.go:478.3,482.4 1 0
github.com/mrqdt/magnum-opus/candle-service/cmd/candle/main.go:486.2,488.20 3 0
github.com/mrqdt/magnum-opus/candle-service/cmd/candle/main.go:488.20,489.23 1 0
github.com/mrqdt/magnum-opus/candle-service/cmd/candle/main.go:489.23,490.27 1 0
github.com/mrqdt/magnum-opus/candle-service/cmd/candle/main.go:490.27,492.5 1 0
github.com/mrqdt/magnum-opus/candle-service/cmd/candle/main.go:497.4,497.30 1 0
github.com/mrqdt/magnum-opus/candle-service/cmd/candle/main.go:497.30,498.59 1 0
github.com/mrqdt/magnum-opus/candle-service/cmd/candle/main.go:498.59,500.6 1 0
github.com/mrqdt/magnum-opus/candle-service/cmd/candle/main.go:502.4,502.87 1 0
github.com/mrqdt/magnum-opus/candle-service/cmd/candle/main.go:504.3,504.37 1 0
github.com/mrqdt/magnum-opus/candle-service/cmd/candle/main.go:506.2,512.12 2 0
github.com/mrqdt/magnum-opus/candle-service/cmd/candle/main.go:512.12,514.84 2 0
github.com/mrqdt/magnum-opus/candle-service/cmd/candle/main.go:514.84,517.4 2 0
github.com/mrqdt/magnum-opus/candle-service/cmd/candle/main.go:521.2,521.22 1 0
github.com/mrqdt/magnum-opus/candle-service/cmd/candle/main.go:521.22,522.13 1 0
github.com/mrqdt/magnum-opus/candle-service/cmd/candle/main.go:522.13,525.8 3 0
github.com/mrqdt/magnum-opus/candle-service/cmd/candle/main.go:525.8,526.12 1 0
github.com/mrqdt/magnum-opus/candle-service/cmd/candle/main.go:527.23,528.12 1 0
github.com/mrqdt/magnum-opus/candle-service/cmd/candle/main.go:529.21,530.32 1 0
github.com/mrqdt/magnum-opus/candle-service/cmd/candle/main.go:530.32,531.14 1 0
github.com/mrqdt/magnum-opus/candle-service/cmd/candle/main.go:532.49,532.49 0 0
github.com/mrqdt/magnum-opus/candle-service/cmd/candle/main.go:533.15,534.74 1 0
github.com/mrqdt/magnum-opus/candle-service/cmd/candle/main.go:544.2,544.22 1 0
github.com/mrqdt/magnum-opus/candle-service/cmd/candle/main.go:544.22,545.13 1 0
github.com/mrqdt/magnum-opus/candle-service/cmd/candle/main.go:545.13,548.8 3 0
github.com/mrqdt/magnum-opus/candle-service/cmd/candle/main.go:548.8,549.12 1 0
github.com/mrqdt/magnum-opus/candle-service/cmd/candle/main.go:550.23,551.12 1 0
github.com/mrqdt/magnum-opus/candle-service/cmd/candle/main.go:552.21,553.32 1 0
github.com/mrqdt/magnum-opus/candle-service/cmd/candle/main.go:553.32,554.14 1 0
github.com/mrqdt/magnum-opus/candle-service/cmd/candle/main.go:555.61,555.61 0 0
github.com/mrqdt/magnum-opus/candle-service/cmd/candle/main.go:556.15,556.15 0 0
github.com/mrqdt/magnum-opus/candle-service/cmd/candle/main.go:565.2,565.22 1 0
github.com/mrqdt/magnum-opus/candle-service/cmd/candle/main.go:565.22,566.13 1 0
github.com/mrqdt/magnum-opus/candle-service/cmd/candle/main.go:566.13,569.8 3 0
github.com/mrqdt/magnum-opus/candle-service/cmd/candle/main.go:569.8,570.12 1 0
github.com/mrqdt/magnum-opus/candle-service/cmd/candle/main.go:571.23,572.12 1 0
github.com/mrqdt/magnum-opus/candle-service/cmd/candle/main.go:573.21,574.32 1 0
github.com/mrqdt/magnum-opus/candle-service/cmd/candle/main.go:574.32,576.18 2 0
github.com/mrqdt/magnum-opus/candle-service/cmd/candle/main.go:576.18,578.8 1 0
github.com/mrqdt/magnum-opus/candle-service/cmd/candle/main.go:579.7,580.76 2 0
github.com/mrqdt/magnum-opus/candle-service/cmd/candle/main.go:587.2,596.28 6 0
github.com/mrqdt/magnum-opus/candle-service/cmd/candle/main.go:596.28,599.56 3 0
github.com/mrqdt/magnum-opus/candle-service/cmd/candle/main.go:599.56,601.4 1 0
github.com/mrqdt/magnum-opus/candle-service/cmd/candle/main.go:602.3,602.48 1 0
github.com/mrqdt/magnum-opus/candle-service/cmd/candle/main.go:602.48,604.4 1 0
github.com/mrqdt/magnum-opus/candle-service/cmd/candle/main.go:607.2,607.57 1 0
github.com/mrqdt/magnum-opus/candle-service/cmd/candle/main.go:607.57,609.3 1 0
github.com/mrqdt/magnum-opus/candle-service/cmd/candle/main.go:611.2,611.39 1 0
github.com/mrqdt/magnum-opus/candle-service/cmd/candle/main.go:617.116,624.16 4 0
github.com/mrqdt/magnum-opus/candle-service/cmd/candle/main.go:624.16,626.3 1 0
github.com/mrqdt/magnum-opus/candle-service/cmd/candle/main.go:627.2,629.16 3 0
github.com/mrqdt/magnum-opus/candle-service/cmd/candle/main.go:629.16,631.3 1 0
github.com/mrqdt/magnum-opus/candle-service/cmd/candle/main.go:632.2,633.38 2 0
github.com/mrqdt/magnum-opus/candle-service/cmd/candle/main.go:633.38,635.3 1 0
github.com/mrqdt/magnum-opus/candle-service/cmd/candle/main.go:636.2,637.16 2 0
github.com/mrqdt/magnum-opus/candle-service/cmd/candle/main.go:637.16,639.3 1 0
github.com/mrqdt/magnum-opus/candle-service/cmd/candle/main.go:640.2,643.54 2 0
github.com/mrqdt/magnum-opus/candle-service/cmd/candle/main.go:643.54,645.3 1 0
github.com/mrqdt/magnum-opus/candle-service/cmd/candle/main.go:646.2,646.61 1 0
github.com/mrqdt/magnum-opus/candle-service/cmd/candle/main.go:646.61,648.3 1 0
github.com/mrqdt/magnum-opus/candle-service/cmd/candle/main.go:650.2,651.9 2 0
github.com/mrqdt/magnum-opus/candle-service/cmd/candle/main.go:651.9,653.3 1 0
github.com/mrqdt/magnum-opus/candle-service/cmd/candle/main.go:654.2,654.22 1 0
github.com/mrqdt/magnum-opus/candle-service/cmd/candle/main.go:658.65,660.12 2 0
github.com/mrqdt/magnum-opus/candle-service/cmd/candle/main.go:661.20,662.33 1 0
github.com/mrqdt/magnum-opus/candle-service/cmd/candle/main.go:663.20,664.37 1 0
github.com/mrqdt/magnum-opus/candle-service/cmd/candle/main.go:665.21,666.38 1 0
github.com/mrqdt/magnum-opus/candle-service/cmd/candle/main.go:667.20,668.31 1 0
github.com/mrqdt/magnum-opus/candle-service/cmd/candle/main.go:669.20,670.35 1 0
github.com/mrqdt/magnum-opus/candle-service/cmd/candle/main.go:671.20,672.36 1 0
github.com/mrqdt/magnum-opus/candle-service/cmd/candle/main.go:673.20,676.20 2 0
github.com/mrqdt/magnum-opus/candle-service/cmd/candle/main.go:676.20,678.4 1 0
github.com/mrqdt/magnum-opus/candle-service/cmd/candle/main.go:679.3,680.80 2 0
github.com/mrqdt/magnum-opus/candle-service/cmd/candle/main.go:682.2,682.20 1 0
github.com/mrqdt/magnum-opus/candle-service/cmd/candle/main.go:685.82,687.16 2 0
github.com/mrqdt/magnum-opus/candle-service/cmd/candle/main.go:687.16,689.3 1 0
github.com/mrqdt/magnum-opus/candle-service/cmd/candle/main.go:690.2,691.44 2 0
github.com/mrqdt/magnum-opus/candle-service/cmd/candle/main.go:691.44,694.3 2 0
github.com/mrqdt/magnum-opus/candle-service/cmd/candle/main.go:695.2,695.17 1 0
github.com/mrqdt/magnum-opus/candle-service/cmd/candle/main.go:700.52,704.2 3 0
github.com/mrqdt/magnum-opus/candle-service/cmd/candle/main.go:706.45,707.15 1 0
github.com/mrqdt/magnum-opus/candle-service/cmd/candle/main.go:708.15,709.25 1 0
github.com/mrqdt/magnum-opus/candle-service/cmd/candle/main.go:710.14,711.24 1 0
github.com/mrqdt/magnum-opus/candle-service/cmd/candle/main.go:712.15,713.25 1 0
github.com/mrqdt/magnum-opus/candle-service/cmd/candle/main.go:714.10,715.24 1 0
github.com/mrqdt/magnum-opus/candle-service/cmd/candle/main.go:725.75,727.2 1 0
github.com/mrqdt/magnum-opus/candle-service/cmd/candle/main.go:729.72,732.2 2 0
github.com/mrqdt/magnum-opus/candle-service/cmd/candle/main.go:734.65,736.2 1 0
github.com/mrqdt/magnum-opus/candle-service/cmd/candle/main.go:738.59,740.2 1 0
github.com/mrqdt/magnum-opus/candle-service/cmd/candle/main.go:750.77,752.2 1 0
github.com/mrqdt/magnum-opus/candle-service/cmd/candle/main.go:754.74,756.33 2 0
github.com/mrqdt/magnum-opus/candle-service/cmd/candle/main.go:756.33,759.3 2 0
github.com/mrqdt/magnum-opus/candle-service/cmd/candle/main.go:760.2,760.35 1 0
github.com/mrqdt/magnum-opus/candle-service/cmd/candle/main.go:763.67,765.26 2 0
github.com/mrqdt/magnum-opus/candle-service/cmd/candle/main.go:765.26,767.3 1 0
github.com/mrqdt/magnum-opus/candle-service/cmd/candle/main.go:768.2,768.57 1 0
github.com/mrqdt/magnum-opus/candle-service/cmd/candle/main.go:771.61,773.2 1 0
github.com/mrqdt/magnum-opus/candle-service/cmd/candle/main.go:775.40,777.38 2 0
github.com/mrqdt/magnum-opus/candle-service/cmd/candle/main.go:777.38,780.26 3 0
github.com/mrqdt/magnum-opus/candle-service/cmd/candle/main.go:780.26,782.4 1 0
github.com/mrqdt/magnum-opus/candle-service/cmd/candle/main.go:783.3,783.40 1 0
github.com/mrqdt/magnum-opus/candle-service/cmd/candle/main.go:785.2,786.34 2 0
github.com/mrqdt/magnum-opus/candle-service/cmd/candle/main.go:786.34,787.31 1 0
github.com/mrqdt/magnum-opus/candle-service/cmd/candle/main.go:787.31,789.4 1 0
github.com/mrqdt/magnum-opus/candle-service/cmd/candle/main.go:792.2,792.34 1 0
github.com/mrqdt/magnum-opus/candle-service/cmd/candle/main.go:792.34,794.58 2 0
github.com/mrqdt/magnum-opus/candle-service/cmd/candle/main.go:794.58,795.46 1 0
github.com/mrqdt/magnum-opus/candle-service/cmd/candle/main.go:795.46,798.5 2 0
github.com/mrqdt/magnum-opus/candle-service/cmd/candle/main.go:801.2,801.10 1 0
github.com/mrqdt/magnum-opus/candle-service/internal/consumer/consumer.go:111.13,126.2 1 1
github.com/mrqdt/magnum-opus/candle-service/internal/consumer/consumer.go:132.106,136.2 3 0
github.com/mrqdt/magnum-opus/candle-service/internal/consumer/consumer.go:142.47,149.2 6 0
github.com/mrqdt/magnum-opus/candle-service/internal/consumer/consumer.go:153.42,157.2 3 1
github.com/mrqdt/magnum-opus/candle-service/internal/consumer/consumer.go:161.57,165.14 4 0
github.com/mrqdt/magnum-opus/candle-service/internal/consumer/consumer.go:165.14,168.17 2 0
github.com/mrqdt/magnum-opus/candle-service/internal/consumer/consumer.go:168.17,170.4 1 0
github.com/mrqdt/magnum-opus/candle-service/internal/consumer/consumer.go:171.3,171.14 1 0
github.com/mrqdt/magnum-opus/candle-service/internal/consumer/consumer.go:173.2,174.16 2 0
github.com/mrqdt/magnum-opus/candle-service/internal/consumer/consumer.go:174.16,177.3 2 0
github.com/mrqdt/magnum-opus/candle-service/internal/consumer/consumer.go:178.2,178.46 1 0
github.com/mrqdt/magnum-opus/candle-service/internal/consumer/consumer.go:183.48,185.13 2 1
github.com/mrqdt/magnum-opus/candle-service/internal/consumer/consumer.go:185.13,187.3 1 1
github.com/mrqdt/magnum-opus/candle-service/internal/consumer/consumer.go:188.2,188.12 1 1
github.com/mrqdt/magnum-opus/candle-service/internal/consumer/consumer.go:198.55,201.20 3 0
github.com/mrqdt/magnum-opus/candle-service/internal/consumer/consumer.go:201.20,203.3 1 0
github.com/mrqdt/magnum-opus/candle-service/internal/consumer/consumer.go:204.2,205.42 2 0
github.com/mrqdt/magnum-opus/candle-service/internal/consumer/consumer.go:205.42,207.3 1 0
github.com/mrqdt/magnum-opus/candle-service/internal/consumer/consumer.go:208.2,208.27 1 0
github.com/mrqdt/magnum-opus/candle-service/internal/consumer/consumer.go:208.27,210.96 1 0
github.com/mrqdt/magnum-opus/candle-service/internal/consumer/consumer.go:210.96,212.4 1 0
github.com/mrqdt/magnum-opus/candle-service/internal/consumer/consumer.go:214.2,220.12 6 0
github.com/mrqdt/magnum-opus/candle-service/internal/consumer/consumer.go:230.65,233.6 3 0
github.com/mrqdt/magnum-opus/candle-service/internal/consumer/consumer.go:233.6,242.17 2 0
github.com/mrqdt/magnum-opus/candle-service/internal/consumer/consumer.go:242.17,244.4 1 0
github.com/mrqdt/magnum-opus/candle-service/internal/consumer/consumer.go:245.3,245.28 1 0
github.com/mrqdt/magnum-opus/candle-service/internal/consumer/consumer.go:245.28,246.52 1 0
github.com/mrqdt/magnum-opus/candle-service/internal/consumer/consumer.go:246.52,248.5 1 0
github.com/mrqdt/magnum-opus/candle-service/internal/consumer/consumer.go:250.3,251.20 2 0
github.com/mrqdt/magnum-opus/candle-service/internal/consumer/consumer.go:251.20,252.9 1 0
github.com/mrqdt/magnum-opus/candle-service/internal/consumer/consumer.go:254.3,254.15 1 0
github.com/mrqdt/magnum-opus/candle-service/internal/consumer/consumer.go:256.2,257.12 2 0
github.com/mrqdt/magnum-opus/candle-service/internal/consumer/consumer.go:263.51,264.25 1 1
github.com/mrqdt/magnum-opus/candle-service/internal/consumer/consumer.go:264.25,265.42 1 0
github.com/mrqdt/magnum-opus/candle-service/internal/consumer/consumer.go:265.42,267.4 1 0
github.com/mrqdt/magnum-opus/candle-service/internal/consumer/consumer.go:271.3,274.50 4 0
github.com/mrqdt/magnum-opus/candle-service/internal/consumer/consumer.go:274.50,277.4 1 0
github.com/mrqdt/magnum-opus/candle-service/internal/consumer/consumer.go:280.2,281.16 2 1
github.com/mrqdt/magnum-opus/candle-service/internal/consumer/consumer.go:281.16,283.3 1 0
github.com/mrqdt/magnum-opus/candle-service/internal/consumer/consumer.go:285.2,285.18 1 1
github.com/mrqdt/magnum-opus/candle-service/internal/consumer/consumer.go:285.18,286.44 1 1
github.com/mrqdt/magnum-opus/candle-service/internal/consumer/consumer.go:286.44,288.4 1 0
github.com/mrqdt/magnum-opus/candle-service/internal/consumer/consumer.go:291.2,291.6 1 1
github.com/mrqdt/magnum-opus/candle-service/internal/consumer/consumer.go:291.6,292.10 1 1
github.com/mrqdt/magnum-opus/candle-service/internal/consumer/consumer.go:293.21,294.20 1 1
github.com/mrqdt/magnum-opus/candle-service/internal/consumer/consumer.go:295.21,297.41 2 0
github.com/mrqdt/magnum-opus/candle-service/internal/consumer/consumer.go:298.27,299.41 1 0
github.com/mrqdt/magnum-opus/candle-service/internal/consumer/consumer.go:299.41,302.5 2 0
github.com/mrqdt/magnum-opus/candle-service/internal/consumer/consumer.go:303.11,303.11 0 1
github.com/mrqdt/magnum-opus/candle-service/internal/consumer/consumer.go:306.3,314.17 2 1
github.com/mrqdt/magnum-opus/candle-service/internal/consumer/consumer.go:314.17,315.77 1 1
github.com/mrqdt/magnum-opus/candle-service/internal/consumer/consumer.go:315.77,316.13 1 1
github.com/mrqdt/magnum-opus/candle-service/internal/consumer/consumer.go:318.4,318.24 1 0
github.com/mrqdt/magnum-opus/candle-service/internal/consumer/consumer.go:318.24,320.5 1 0
github.com/mrqdt/magnum-opus/candle-service/internal/consumer/consumer.go:321.4,321.54 1 0
github.com/mrqdt/magnum-opus/candle-service/internal/consumer/consumer.go:324.3,324.31 1 0
github.com/mrqdt/magnum-opus/candle-service/internal/consumer/consumer.go:324.31,325.40 1 0
github.com/mrqdt/magnum-opus/candle-service/internal/consumer/consumer.go:325.40,326.53 1 0
github.com/mrqdt/magnum-opus/candle-service/internal/consumer/consumer.go:326.53,328.6 1 0
github.com/mrqdt/magnum-opus/candle-service/internal/consumer/consumer.go:334.56,335.43 1 0
github.com/mrqdt/magnum-opus/candle-service/internal/consumer/consumer.go:335.43,337.3 1 0
github.com/mrqdt/magnum-opus/candle-service/internal/consumer/consumer.go:338.2,338.17 1 0
github.com/mrqdt/magnum-opus/candle-service/internal/consumer/consumer.go:341.81,343.40 1 1
github.com/mrqdt/magnum-opus/candle-service/internal/consumer/consumer.go:343.40,344.85 1 0
github.com/mrqdt/magnum-opus/candle-service/internal/consumer/consumer.go:344.85,346.4 1 0
github.com/mrqdt/magnum-opus/candle-service/internal/consumer/consumer.go:347.3,347.13 1 0
github.com/mrqdt/magnum-opus/candle-service/internal/consumer/consumer.go:350.2,353.83 2 1
github.com/mrqdt/magnum-opus/candle-service/internal/consumer/consumer.go:353.83,354.85 1 1
github.com/mrqdt/magnum-opus/candle-service/internal/consumer/consumer.go:354.85,356.4 1 0
github.com/mrqdt/magnum-opus/candle-service/internal/consumer/consumer.go:357.3,359.13 3 1
github.com/mrqdt/magnum-opus/candle-service/internal/consumer/consumer.go:363.2,363.84 1 1
github.com/mrqdt/magnum-opus/candle-service/internal/consumer/consumer.go:363.84,365.3 1 0
github.com/mrqdt/magnum-opus/candle-service/internal/consumer/consumer.go:366.2,368.21 2 1
github.com/mrqdt/magnum-opus/candle-service/internal/consumer/consumer.go:369.17,373.15 4 1
github.com/mrqdt/magnum-opus/candle-service/internal/consumer/consumer.go:373.15,374.31 1 1
github.com/mrqdt/magnum-opus/candle-service/internal/consumer/consumer.go:374.31,376.5 1 1
github.com/mrqdt/magnum-opus/candle-service/internal/consumer/consumer.go:376.10,376.67 1 1
github.com/mrqdt/magnum-opus/candle-service/internal/consumer/consumer.go:376.67,378.5 1 1
github.com/mrqdt/magnum-opus/candle-service/internal/consumer/consumer.go:378.10,380.5 1 1
github.com/mrqdt/magnum-opus/candle-service/internal/consumer/consumer.go:382.3,387.15 4 1
github.com/mrqdt/magnum-opus/candle-service/internal/consumer/consumer.go:387.15,390.4 2 1
github.com/mrqdt/magnum-opus/candle-service/internal/consumer/consumer.go:391.3,392.23 2 1
github.com/mrqdt/magnum-opus/candle-service/internal/consumer/consumer.go:394.16,395.59 1 1
github.com/mrqdt/magnum-opus/candle-service/internal/consumer/consumer.go:395.59,397.4 1 0
github.com/mrqdt/magnum-opus/candle-service/internal/consumer/consumer.go:397.9,397.17 1 1
github.com/mrqdt/magnum-opus/candle-service/internal/consumer/consumer.go:397.17,399.4 1 1
github.com/mrqdt/magnum-opus/candle-service/internal/consumer/consumer.go:400.3,400.60 1 1
github.com/mrqdt/magnum-opus/candle-service/internal/consumer/consumer.go:400.60,402.4 1 0
github.com/mrqdt/magnum-opus/candle-service/internal/consumer/consumer.go:403.3,404.31 2 1
github.com/mrqdt/magnum-opus/candle-service/internal/consumer/consumer.go:406.21,409.22 1 1
github.com/mrqdt/magnum-opus/candle-service/internal/consumer/consumer.go:409.22,410.44 1 1
github.com/mrqdt/magnum-opus/candle-service/internal/consumer/consumer.go:410.44,412.5 1 0
github.com/mrqdt/magnum-opus/candle-service/internal/consumer/consumer.go:414.3,416.41 3 1
github.com/mrqdt/magnum-opus/candle-service/internal/consumer/consumer.go:418.20,420.43 1 1
github.com/mrqdt/magnum-opus/candle-service/internal/consumer/consumer.go:423.2,423.12 1 1
github.com/mrqdt/magnum-opus/candle-service/internal/consumer/consumer.go:428.51,430.16 2 0
github.com/mrqdt/magnum-opus/candle-service/internal/consumer/consumer.go:430.16,433.3 2 0
github.com/mrqdt/magnum-opus/candle-service/internal/consumer/consumer.go:434.2,434.19 1 0
github.com/mrqdt/magnum-opus/candle-service/internal/consumer/consumer.go:439.67,441.16 2 1
github.com/mrqdt/magnum-opus/candle-service/internal/consumer/consumer.go:441.16,443.3 1 1
github.com/mrqdt/magnum-opus/candle-service/internal/consumer/consumer.go:444.2,444.27 1 1
github.com/mrqdt/magnum-opus/candle-service/internal/consumer/consumer.go:444.27,446.3 1 1
github.com/mrqdt/magnum-opus/candle-service/internal/consumer/consumer.go:447.2,447.19 1 0
github.com/mrqdt/magnum-opus/candle-service/internal/consumer/consumer.go:450.39,452.2 1 1
github.com/mrqdt/magnum-opus/candle-service/internal/consumer/consumer.go:455.59,457.16 2 1
github.com/mrqdt/magnum-opus/candle-service/internal/consumer/consumer.go:457.16,459.3 1 0
github.com/mrqdt/magnum-opus/candle-service/internal/consumer/consumer.go:460.2,460.37 1 1
github.com/mrqdt/magnum-opus/candle-service/internal/consumer/consumer.go:460.37,470.3 3 1
github.com/mrqdt/magnum-opus/candle-service/internal/consumer/consumer.go:471.2,471.12 1 1
github.com/mrqdt/magnum-opus/candle-service/internal/consumer/consumer.go:475.38,478.2 1 1
github.com/mrqdt/magnum-opus/candle-service/internal/consumer/consumer.go:480.40,482.2 1 1
github.com/mrqdt/magnum-opus/candle-service/internal/consumer/consumer.go:484.77,486.31 2 1
github.com/mrqdt/magnum-opus/candle-service/internal/consumer/consumer.go:486.31,488.3 1 1
github.com/mrqdt/magnum-opus/candle-service/internal/consumer/consumer.go:489.2,489.16 1 1
github.com/mrqdt/magnum-opus/candle-service/internal/consumer/consumer.go:489.16,491.3 1 0
github.com/mrqdt/magnum-opus/candle-service/internal/consumer/consumer.go:493.2,493.18 1 1
github.com/mrqdt/magnum-opus/candle-service/internal/consumer/consumer.go:496.75,501.90 4 1
github.com/mrqdt/magnum-opus/candle-service/internal/consumer/consumer.go:501.90,503.3 1 0
github.com/mrqdt/magnum-opus/candle-service/internal/consumer/consumer.go:505.2,505.57 1 1
github.com/mrqdt/magnum-opus/candle-service/internal/consumer/consumer.go:509.57,510.6 1 0
github.com/mrqdt/magnum-opus/candle-service/internal/consumer/consumer.go:510.6,511.10 1 0
github.com/mrqdt/magnum-opus/candle-service/internal/consumer/consumer.go:512.21,513.20 1 0
github.com/mrqdt/magnum-opus/candle-service/internal/consumer/consumer.go:514.11,514.11 0 0
github.com/mrqdt/magnum-opus/candle-service/internal/consumer/consumer.go:516.3,516.27 1 0
github.com/mrqdt/magnum-opus/candle-service/internal/consumer/consumer.go:516.27,518.4 1 0
github.com/mrqdt/magnum-opus/candle-service/internal/consumer/consumer.go:520.3,530.17 5 0
github.com/mrqdt/magnum-opus/candle-service/internal/consumer/consumer.go:530.17,531.77 1 0
github.com/mrqdt/magnum-opus/candle-service/internal/consumer/consumer.go:531.77,532.13 1 0
github.com/mrqdt/magnum-opus/candle-service/internal/consumer/consumer.go:534.4,534.24 1 0
github.com/mrqdt/magnum-opus/candle-service/internal/consumer/consumer.go:534.24,536.5 1 0
github.com/mrqdt/magnum-opus/candle-service/internal/consumer/consumer.go:537.4,537.58 1 0
github.com/mrqdt/magnum-opus/candle-service/internal/consumer/consumer.go:540.3,540.31 1 0
github.com/mrqdt/magnum-opus/candle-service/internal/consumer/consumer.go:540.31,541.40 1 0
github.com/mrqdt/magnum-opus/candle-service/internal/consumer/consumer.go:541.40,543.5 1 0
github.com/mrqdt/magnum-opus/candle-service/internal/consumer/consumer.go:550.60,558.83 6 1
github.com/mrqdt/magnum-opus/candle-service/internal/consumer/consumer.go:558.83,560.3 1 0
github.com/mrqdt/magnum-opus/candle-service/internal/consumer/consumer.go:562.2,562.21 1 1
github.com/mrqdt/magnum-opus/candle-service/internal/consumer/consumer.go:563.17,567.15 4 1
github.com/mrqdt/magnum-opus/candle-service/internal/consumer/consumer.go:567.15,568.31 1 0
github.com/mrqdt/magnum-opus/candle-service/internal/consumer/consumer.go:568.31,570.5 1 0
github.com/mrqdt/magnum-opus/candle-service/internal/consumer/consumer.go:570.10,570.67 1 0
github.com/mrqdt/magnum-opus/candle-service/internal/consumer/consumer.go:570.67,572.5 1 0
github.com/mrqdt/magnum-opus/candle-service/internal/consumer/consumer.go:572.10,574.5 1 0
github.com/mrqdt/magnum-opus/candle-service/internal/consumer/consumer.go:576.3,581.15 4 1
github.com/mrqdt/magnum-opus/candle-service/internal/consumer/consumer.go:581.15,584.4 2 0
github.com/mrqdt/magnum-opus/candle-service/internal/consumer/consumer.go:586.16,588.31 2 0
github.com/mrqdt/magnum-opus/candle-service/internal/consumer/consumer.go:590.21,592.41 2 0
github.com/mrqdt/magnum-opus/candle-service/internal/consumer/consumer.go:594.20,596.43 1 0
github.com/mrqdt/magnum-opus/candle-service/internal/consumer/messages.go:51.56,53.12 2 1
github.com/mrqdt/magnum-opus/candle-service/internal/consumer/messages.go:54.14,65.4 1 1
github.com/mrqdt/magnum-opus/candle-service/internal/consumer/messages.go:66.13,77.4 1 1
github.com/mrqdt/magnum-opus/candle-service/internal/consumer/messages.go:78.18,85.4 1 1
github.com/mrqdt/magnum-opus/candle-service/internal/consumer/messages.go:86.10,87.43 1 1
github.com/mrqdt/magnum-opus/candle-service/internal/consumer/messages.go:91.30,94.2 2 1
github.com/mrqdt/magnum-opus/candle-service/internal/consumer/messages.go:96.30,97.23 1 1
github.com/mrqdt/magnum-opus/candle-service/internal/consumer/messages.go:98.14,100.11 2 1
github.com/mrqdt/magnum-opus/candle-service/internal/consumer/messages.go:101.13,102.11 1 0
github.com/mrqdt/magnum-opus/candle-service/internal/consumer/messages.go:103.15,104.18 1 0
github.com/mrqdt/magnum-opus/candle-service/internal/consumer/messages.go:106.2,106.10 1 1
github.com/mrqdt/magnum-opus/candle-service/internal/consumer/obadapter.go:13.55,15.2 1 1
github.com/mrqdt/magnum-opus/candle-service/internal/consumer/obadapter.go:17.39,26.2 1 1
github.com/mrqdt/magnum-opus/candle-service/internal/consumer/obadapter.go:28.52,33.2 1 1
github.com/mrqdt/magnum-opus/candle-service/internal/consumer/obadapter.go:35.43,44.2 1 1
github.com/mrqdt/magnum-opus/candle-service/internal/consumer/obadapter.go:46.79,48.2 1 1
github.com/mrqdt/magnum-opus/candle-service/internal/consumer/obadapter.go:50.55,52.2 1 0
github.com/mrqdt/magnum-opus/candle-service/internal/symbol/symbol.go:12.39,14.2 1 1
github.com/mrqdt/magnum-opus/candle-service/internal/symbol/symbol.go:17.33,19.2 1 1
github.com/mrqdt/magnum-opus/candle-service/internal/testutil/fakequestdb.go:23.36,29.2 5 0
github.com/mrqdt/magnum-opus/candle-service/internal/testutil/fakequestdb.go:32.38,34.2 1 0
github.com/mrqdt/magnum-opus/candle-service/internal/testutil/fakequestdb.go:37.32,39.2 1 0
github.com/mrqdt/magnum-opus/candle-service/internal/testutil/fakequestdb.go:42.45,46.2 3 0
github.com/mrqdt/magnum-opus/candle-service/internal/testutil/fakequestdb.go:49.43,55.2 5 0
github.com/mrqdt/magnum-opus/candle-service/internal/testutil/fakequestdb.go:57.75,64.9 6 0
github.com/mrqdt/magnum-opus/candle-service/internal/testutil/fakequestdb.go:65.43,66.78 1 0
github.com/mrqdt/magnum-opus/candle-service/internal/testutil/fakequestdb.go:68.41,70.32 2 0
github.com/mrqdt/magnum-opus/candle-service/internal/testutil/fakequestdb.go:72.10,74.22 2 0
github.com/mrqdt/magnum-opus/candle-service/internal/testutil/mockclock.go:17.43,19.2 1 0
github.com/mrqdt/magnum-opus/candle-service/internal/testutil/mockclock.go:22.38,26.2 3 0
github.com/mrqdt/magnum-opus/candle-service/internal/testutil/mockclock.go:29.37,33.2 3 0
github.com/mrqdt/magnum-opus/candle-service/internal/health/health.go:44.76,56.2 4 1
github.com/mrqdt/magnum-opus/candle-service/internal/health/health.go:60.53,62.2 1 1
github.com/mrqdt/magnum-opus/candle-service/internal/health/health.go:67.51,68.76 1 0
github.com/mrqdt/magnum-opus/candle-service/internal/health/health.go:68.76,69.34 1 0
github.com/mrqdt/magnum-opus/candle-service/internal/health/health.go:69.34,72.4 2 0
github.com/mrqdt/magnum-opus/candle-service/internal/health/health.go:73.3,75.67 3 0
github.com/mrqdt/magnum-opus/candle-service/internal/health/health.go:77.2,77.10 1 0
github.com/mrqdt/magnum-opus/candle-service/internal/health/health.go:81.41,81.57 1 1
github.com/mrqdt/magnum-opus/candle-service/internal/health/health.go:83.71,94.2 3 1
github.com/mrqdt/magnum-opus/candle-service/internal/health/health.go:96.72,104.2 2 1
github.com/mrqdt/magnum-opus/candle-service/internal/health/health.go:107.57,108.21 1 1
github.com/mrqdt/magnum-opus/candle-service/internal/health/health.go:108.21,110.3 1 1
github.com/mrqdt/magnum-opus/candle-service/internal/health/health.go:111.2,111.47 1 1
github.com/mrqdt/magnum-opus/candle-service/internal/health/health.go:111.47,113.3 1 1
github.com/mrqdt/magnum-opus/candle-service/internal/health/health.go:114.2,114.13 1 1
github.com/mrqdt/magnum-opus/candle-service/internal/metrics/metrics.go:35.84,107.31 3 1
github.com/mrqdt/magnum-opus/candle-service/internal/metrics/metrics.go:107.31,108.41 1 1
github.com/mrqdt/magnum-opus/candle-service/internal/metrics/metrics.go:108.41,110.4 1 1
github.com/mrqdt/magnum-opus/candle-service/internal/metrics/metrics.go:115.2,115.26 1 1
github.com/mrqdt/magnum-opus/candle-service/internal/metrics/metrics.go:115.26,122.3 6 1
github.com/mrqdt/magnum-opus/candle-service/internal/metrics/metrics.go:124.2,124.15 1 1
github.com/mrqdt/magnum-opus/candle-service/internal/flusher/flusher.go:65.56,76.2 1 0
github.com/mrqdt/magnum-opus/candle-service/internal/flusher/flusher.go:81.50,83.35 1 0
github.com/mrqdt/magnum-opus/candle-service/internal/flusher/flusher.go:83.35,85.17 2 0
github.com/mrqdt/magnum-opus/candle-service/internal/flusher/flusher.go:85.17,87.4 1 0
github.com/mrqdt/magnum-opus/candle-service/internal/flusher/flusher.go:88.3,88.32 1 0
github.com/mrqdt/magnum-opus/candle-service/internal/flusher/flusher.go:92.2,92.42 1 0
github.com/mrqdt/magnum-opus/candle-service/internal/flusher/flusher.go:92.42,94.3 1 0
github.com/mrqdt/magnum-opus/candle-service/internal/flusher/flusher.go:96.2,96.6 1 0
github.com/mrqdt/magnum-opus/candle-service/internal/flusher/flusher.go:96.6,98.17 2 0
github.com/mrqdt/magnum-opus/candle-service/internal/flusher/flusher.go:98.17,100.4 1 0
github.com/mrqdt/magnum-opus/candle-service/internal/flusher/flusher.go:101.3,103.10 2 0
github.com/mrqdt/magnum-opus/candle-service/internal/flusher/flusher.go:104.21,105.20 1 0
github.com/mrqdt/magnum-opus/candle-service/internal/flusher/flusher.go:106.39,106.39 0 0
github.com/mrqdt/magnum-opus/candle-service/internal/flusher/flusher.go:110.3,111.53 2 0
github.com/mrqdt/magnum-opus/candle-service/internal/flusher/flusher.go:111.53,113.4 1 0
github.com/mrqdt/magnum-opus/candle-service/internal/flusher/flusher.go:118.57,120.16 2 0
github.com/mrqdt/magnum-opus/candle-service/internal/flusher/flusher.go:120.16,122.3 1 0
github.com/mrqdt/magnum-opus/candle-service/internal/flusher/flusher.go:123.2,123.9 1 0
github.com/mrqdt/magnum-opus/candle-service/internal/flusher/flusher.go:123.9,126.3 2 0
github.com/mrqdt/magnum-opus/candle-service/internal/flusher/flusher.go:128.2,130.23 3 0
github.com/mrqdt/magnum-opus/candle-service/internal/flusher/flusher.go:130.23,133.3 2 0
github.com/mrqdt/magnum-opus/candle-service/internal/flusher/flusher.go:135.2,138.28 2 0
github.com/mrqdt/magnum-opus/candle-service/internal/flusher/flusher.go:138.28,140.63 1 0
github.com/mrqdt/magnum-opus/candle-service/internal/flusher/flusher.go:140.63,143.4 1 0
github.com/mrqdt/magnum-opus/candle-service/internal/flusher/flusher.go:143.9,143.21 1 0
github.com/mrqdt/magnum-opus/candle-service/internal/flusher/flusher.go:143.21,145.12 2 0
github.com/mrqdt/magnum-opus/candle-service/internal/flusher/flusher.go:148.3,148.45 1 0
github.com/mrqdt/magnum-opus/candle-service/internal/flusher/flusher.go:148.45,151.4 1 0
github.com/mrqdt/magnum-opus/candle-service/internal/flusher/flusher.go:153.2,153.12 1 0
github.com/mrqdt/magnum-opus/candle-service/internal/flusher/flusher.go:157.72,162.16 4 0
github.com/mrqdt/magnum-opus/candle-service/internal/flusher/flusher.go:162.16,165.11 2 0
github.com/mrqdt/magnum-opus/candle-service/internal/flusher/flusher.go:165.11,165.82 1 0
github.com/mrqdt/magnum-opus/candle-service/internal/flusher/flusher.go:166.11,166.51 1 0
github.com/mrqdt/magnum-opus/candle-service/internal/flusher/flusher.go:169.3,169.43 1 0
github.com/mrqdt/magnum-opus/candle-service/internal/flusher/flusher.go:172.2,172.20 1 0
github.com/mrqdt/magnum-opus/candle-service/internal/flusher/flusher.go:172.20,176.3 2 0
github.com/mrqdt/magnum-opus/candle-service/internal/flusher/flusher.go:178.2,179.16 2 0
github.com/mrqdt/magnum-opus/candle-service/internal/flusher/flusher.go:179.16,182.11 2 0
github.com/mrqdt/magnum-opus/candle-service/internal/flusher/flusher.go:182.11,182.90 1 0
github.com/mrqdt/magnum-opus/candle-service/internal/flusher/flusher.go:183.11,183.51 1 0
github.com/mrqdt/magnum-opus/candle-service/internal/flusher/flusher.go:186.3,186.46 1 0
github.com/mrqdt/magnum-opus/candle-service/internal/flusher/flusher.go:189.2,192.68 3 0
github.com/mrqdt/magnum-opus/candle-service/internal/flusher/flusher.go:192.68,195.11 2 0
github.com/mrqdt/magnum-opus/candle-service/internal/flusher/flusher.go:195.11,195.90 1 0
github.com/mrqdt/magnum-opus/candle-service/internal/flusher/flusher.go:196.11,196.51 1 0
github.com/mrqdt/magnum-opus/candle-service/internal/flusher/flusher.go:199.3,199.45 1 0
github.com/mrqdt/magnum-opus/candle-service/internal/flusher/flusher.go:202.2,206.94 3 0
github.com/mrqdt/magnum-opus/candle-service/internal/flusher/flusher.go:206.94,209.3 1 0
github.com/mrqdt/magnum-opus/candle-service/internal/flusher/flusher.go:211.2,215.24 2 0
github.com/mrqdt/magnum-opus/candle-service/internal/flusher/flusher.go:215.24,217.3 1 0
github.com/mrqdt/magnum-opus/candle-service/internal/flusher/flusher.go:218.2,218.12 1 0
github.com/mrqdt/magnum-opus/candle-service/internal/flusher/flusher.go:222.91,235.16 8 0
github.com/mrqdt/magnum-opus/candle-service/internal/flusher/flusher.go:235.16,237.3 1 0
github.com/mrqdt/magnum-opus/candle-service/internal/flusher/flusher.go:238.2,239.16 2 0
github.com/mrqdt/magnum-opus/candle-service/internal/flusher/flusher.go:239.16,241.3 1 0
github.com/mrqdt/magnum-opus/candle-service/internal/flusher/flusher.go:242.2,243.38 2 0
github.com/mrqdt/magnum-opus/candle-service/internal/flusher/flusher.go:243.38,246.3 2 0
github.com/mrqdt/magnum-opus/candle-service/internal/flusher/flusher.go:248.2,251.16 3 0
github.com/mrqdt/magnum-opus/candle-service/internal/flusher/flusher.go:251.16,253.3 1 0
github.com/mrqdt/magnum-opus/candle-service/internal/flusher/flusher.go:254.2,255.29 2 0
github.com/mrqdt/magnum-opus/candle-service/internal/flusher/flusher.go:255.29,257.3 1 0
github.com/mrqdt/magnum-opus/candle-service/internal/flusher/flusher.go:259.2,260.6 2 0
github.com/mrqdt/magnum-opus/candle-service/internal/flusher/flusher.go:260.6,262.20 2 0
github.com/mrqdt/magnum-opus/candle-service/internal/flusher/flusher.go:262.20,263.9 1 0
github.com/mrqdt/magnum-opus/candle-service/internal/flusher/flusher.go:265.3,265.17 1 0
github.com/mrqdt/magnum-opus/candle-service/internal/flusher/flusher.go:265.17,267.4 1 0
github.com/mrqdt/magnum-opus/candle-service/internal/flusher/flusher.go:268.3,269.17 2 0
github.com/mrqdt/magnum-opus/candle-service/internal/flusher/flusher.go:269.17,271.4 1 0
github.com/mrqdt/magnum-opus/candle-service/internal/flusher/flusher.go:272.3,272.27 1 0
github.com/mrqdt/magnum-opus/candle-service/internal/flusher/flusher.go:274.2,274.18 1 0
github.com/mrqdt/magnum-opus/candle-service/internal/flusher/flusher.go:278.70,284.41 3 0
github.com/mrqdt/magnum-opus/candle-service/internal/flusher/flusher.go:284.41,286.3 1 0
github.com/mrqdt/magnum-opus/candle-service/internal/flusher/flusher.go:287.2,287.34 1 0
github.com/mrqdt/magnum-opus/candle-service/internal/flusher/flusher.go:287.34,289.3 1 0
github.com/mrqdt/magnum-opus/candle-service/internal/flusher/flusher.go:290.2,290.25 1 0
github.com/mrqdt/magnum-opus/candle-service/internal/flusher/flusher.go:294.41,299.54 2 0
github.com/mrqdt/magnum-opus/candle-service/internal/flusher/flusher.go:299.54,302.3 2 0
github.com/mrqdt/magnum-opus/candle-service/internal/flusher/flusher.go:308.88,311.33 2 0
github.com/mrqdt/magnum-opus/candle-service/internal/flusher/flusher.go:311.33,319.3 2 0
github.com/mrqdt/magnum-opus/candle-service/internal/flusher/flusher.go:322.2,327.16 2 0
github.com/mrqdt/magnum-opus/candle-service/internal/flusher/flusher.go:327.16,329.3 1 0
github.com/mrqdt/magnum-opus/candle-service/internal/flusher/flusher.go:330.2,332.18 2 0
github.com/mrqdt/magnum-opus/candle-service/internal/flusher/flusher.go:332.18,340.3 3 0
github.com/mrqdt/magnum-opus/candle-service/internal/flusher/flusher.go:342.2,343.42 2 0
github.com/mrqdt/magnum-opus/candle-service/internal/flusher/flusher.go:343.42,346.22 3 0
github.com/mrqdt/magnum-opus/candle-service/internal/flusher/flusher.go:346.22,348.4 1 0
github.com/mrqdt/magnum-opus/candle-service/internal/flusher/flusher.go:349.3,358.17 3 0
github.com/mrqdt/magnum-opus/candle-service/internal/flusher/flusher.go:358.17,361.4 2 0
github.com/mrqdt/magnum-opus/candle-service/internal/flusher/flusher.go:362.3,365.5 1 0
github.com/mrqdt/magnum-opus/candle-service/internal/flusher/flusher.go:368.2,376.16 2 0
github.com/mrqdt/magnum-opus/candle-service/internal/flusher/flusher.go:376.16,379.3 2 0
github.com/mrqdt/magnum-opus/candle-service/internal/flusher/flusher.go:380.2,380.12 1 0
github.com/mrqdt/magnum-opus/candle-service/internal/flusher/flusher.go:384.149,387.13 3 0
github.com/mrqdt/magnum-opus/candle-service/internal/flusher/flusher.go:387.13,389.3 1 0
github.com/mrqdt/magnum-opus/candle-service/internal/flusher/flusher.go:390.2,399.16 6 0
github.com/mrqdt/magnum-opus/candle-service/internal/flusher/flusher.go:399.16,402.3 2 0
github.com/mrqdt/magnum-opus/candle-service/internal/flusher/flusher.go:403.2,404.16 2 0
github.com/mrqdt/magnum-opus/candle-service/internal/flusher/flusher.go:404.16,407.3 2 0
github.com/mrqdt/magnum-opus/candle-service/internal/flusher/flusher.go:408.2,412.115 3 0
github.com/mrqdt/magnum-opus/candle-service/internal/flusher/flusher.go:412.115,414.3 1 0
github.com/mrqdt/magnum-opus/candle-service/internal/flusher/flusher.go:418.84,429.16 5 0
github.com/mrqdt/magnum-opus/candle-service/internal/flusher/flusher.go:429.16,432.30 2 0
github.com/mrqdt/magnum-opus/candle-service/internal/flusher/flusher.go:432.30,434.4 1 0
github.com/mrqdt/magnum-opus/candle-service/internal/flusher/flusher.go:440.98,442.44 2 1
github.com/mrqdt/magnum-opus/candle-service/internal/flusher/flusher.go:442.44,444.3 1 0
github.com/mrqdt/magnum-opus/candle-service/internal/flusher/flusher.go:445.2,450.3 1 1
github.com/mrqdt/magnum-opus/candle-service/internal/flusher/flusher.go:456.64,459.22 3 1
github.com/mrqdt/magnum-opus/candle-service/internal/flusher/flusher.go:459.22,461.3 1 1
github.com/mrqdt/magnum-opus/candle-service/internal/flusher/flusher.go:465.83,467.29 2 0
github.com/mrqdt/magnum-opus/candle-service/internal/flusher/flusher.go:467.29,469.17 2 0
github.com/mrqdt/magnum-opus/candle-service/internal/flusher/flusher.go:469.17,471.4 1 0
github.com/mrqdt/magnum-opus/candle-service/internal/flusher/flusher.go:472.3,473.29 1 0
github.com/mrqdt/magnum-opus/candle-service/internal/flusher/flusher.go:477.2,477.39 1 0
github.com/mrqdt/magnum-opus/candle-service/internal/flusher/flusher.go:481.89,485.16 4 0
github.com/mrqdt/magnum-opus/candle-service/internal/flusher/flusher.go:485.16,487.3 1 0
github.com/mrqdt/magnum-opus/candle-service/internal/flusher/flusher.go:488.2,489.16 2 0
github.com/mrqdt/magnum-opus/candle-service/internal/flusher/flusher.go:489.16,491.3 1 0
github.com/mrqdt/magnum-opus/candle-service/internal/flusher/flusher.go:492.2,497.67 3 0
github.com/mrqdt/magnum-opus/candle-service/internal/flusher/flusher.go:497.67,499.3 1 0
github.com/mrqdt/magnum-opus/candle-service/internal/flusher/flusher.go:500.2,500.61 1 0
github.com/mrqdt/magnum-opus/candle-service/internal/flusher/flusher.go:500.61,502.3 1 0
github.com/mrqdt/magnum-opus/candle-service/internal/flusher/flusher.go:506.2,508.83 2 0
github.com/mrqdt/magnum-opus/candle-service/internal/flusher/flusher.go:508.83,509.52 1 0
github.com/mrqdt/magnum-opus/candle-service/internal/flusher/flusher.go:509.52,511.4 1 0
github.com/mrqdt/magnum-opus/candle-service/internal/flusher/flusher.go:514.2,514.58 1 0
github.com/mrqdt/magnum-opus/candle-service/internal/flusher/flusher.go:514.58,516.3 1 0
github.com/mrqdt/magnum-opus/candle-service/internal/flusher/flusher.go:517.2,517.77 1 0
github.com/mrqdt/magnum-opus/candle-service/internal/flusher/flusher.go:521.89,530.16 6 0
github.com/mrqdt/magnum-opus/candle-service/internal/flusher/flusher.go:530.16,532.3 1 0
github.com/mrqdt/magnum-opus/candle-service/internal/flusher/flusher.go:533.2,534.16 2 0
github.com/mrqdt/magnum-opus/candle-service/internal/flusher/flusher.go:534.16,536.3 1 0
github.com/mrqdt/magnum-opus/candle-service/internal/flusher/flusher.go:537.2,542.67 3 0
github.com/mrqdt/magnum-opus/candle-service/internal/flusher/flusher.go:542.67,544.3 1 0
github.com/mrqdt/magnum-opus/candle-service/internal/flusher/flusher.go:545.2,545.61 1 0
github.com/mrqdt/magnum-opus/candle-service/internal/flusher/flusher.go:545.61,547.3 1 0
github.com/mrqdt/magnum-opus/candle-service/internal/flusher/flusher.go:548.2,549.19 2 0
github.com/mrqdt/magnum-opus/candle-service/internal/flusher/flusher.go:555.75,557.21 2 1
github.com/mrqdt/magnum-opus/candle-service/internal/flusher/flusher.go:557.21,559.3 1 1
github.com/mrqdt/magnum-opus/candle-service/internal/flusher/flusher.go:560.2,561.41 2 1
github.com/mrqdt/magnum-opus/candle-service/internal/flusher/flusher.go:561.41,563.3 1 0
github.com/mrqdt/magnum-opus/candle-service/internal/flusher/flusher.go:564.2,565.45 2 1
github.com/mrqdt/magnum-opus/candle-service/internal/flusher/flusher.go:565.45,567.3 1 0
github.com/mrqdt/magnum-opus/candle-service/internal/flusher/flusher.go:569.2,571.25 3 1
github.com/mrqdt/magnum-opus/candle-service/internal/flusher/flusher.go:571.25,573.3 1 1
github.com/mrqdt/magnum-opus/candle-service/internal/flusher/flusher.go:574.2,574.23 1 1
github.com/mrqdt/magnum-opus/candle-service/internal/flusher/flusher.go:579.61,583.59 4 1
github.com/mrqdt/magnum-opus/candle-service/internal/flusher/flusher.go:583.59,585.3 1 1
github.com/mrqdt/magnum-opus/candle-service/internal/flusher/flusher.go:586.2,586.14 1 1
github.com/mrqdt/magnum-opus/candle-service/internal/flusher/flusher.go:590.36,592.2 1 1
github.com/mrqdt/magnum-opus/candle-service/internal/flusher/flusher.go:599.75,604.2 1 0
github.com/mrqdt/magnum-opus/candle-service/internal/flusher/flusher.go:606.75,607.33 1 0
github.com/mrqdt/magnum-opus/candle-service/internal/flusher/flusher.go:607.33,609.27 2 0
github.com/mrqdt/magnum-opus/candle-service/internal/flusher/flusher.go:609.27,611.4 1 0
github.com/mrqdt/magnum-opus/candle-service/internal/flusher/flusher.go:612.3,612.16 1 0
github.com/mrqdt/magnum-opus/candle-service/internal/flusher/flusher.go:616.2,619.83 4 0
github.com/mrqdt/magnum-opus/candle-service/internal/flusher/flusher.go:619.83,620.54 1 0
github.com/mrqdt/magnum-opus/candle-service/internal/flusher/flusher.go:620.54,623.9 3 0
github.com/mrqdt/magnum-opus/candle-service/internal/flusher/flusher.go:626.2,626.13 1 0
[...]
github.com/mrqdt/magnum-opus/candle-service/internal/writer/questdb/writer.go:150.20,152.3 1 1
github.com/mrqdt/magnum-opus/candle-service/internal/writer/questdb/writer.go:153.2,153.22 1 1
github.com/mrqdt/magnum-opus/candle-service/internal/writer/questdb/writer.go:153.22,155.3 1 1
github.com/mrqdt/magnum-opus/candle-service/internal/writer/questdb/writer.go:156.2,156.23 1 1
github.com/mrqdt/magnum-opus/candle-service/internal/writer/questdb/writer.go:156.23,158.3 1 1
github.com/mrqdt/magnum-opus/candle-service/internal/writer/questdb/writer.go:159.2,159.28 1 1
github.com/mrqdt/magnum-opus/candle-service/internal/writer/questdb/writer.go:159.28,161.3 1 0
github.com/mrqdt/magnum-opus/candle-service/internal/writer/questdb/writer.go:162.2,162.21 1 1
github.com/mrqdt/magnum-opus/candle-service/internal/writer/questdb/writer.go:162.21,164.3 1 0
github.com/mrqdt/magnum-opus/candle-service/internal/writer/questdb/writer.go:165.2,168.28 2 1
github.com/mrqdt/magnum-opus/candle-service/internal/writer/questdb/writer.go:168.28,170.3 1 0
github.com/mrqdt/magnum-opus/candle-service/internal/writer/questdb/writer.go:171.2,171.28 1 1
github.com/mrqdt/magnum-opus/candle-service/internal/writer/questdb/writer.go:171.28,173.3 1 0
github.com/mrqdt/magnum-opus/candle-service/internal/writer/questdb/writer.go:174.2,174.24 1 1
github.com/mrqdt/magnum-opus/candle-service/internal/writer/questdb/writer.go:174.24,176.3 1 0
github.com/mrqdt/magnum-opus/candle-service/internal/writer/questdb/writer.go:177.2,177.24 1 1
github.com/mrqdt/magnum-opus/candle-service/internal/writer/questdb/writer.go:177.24,179.3 1 0
github.com/mrqdt/magnum-opus/candle-service/internal/writer/questdb/writer.go:182.2,182.31 1 1
github.com/mrqdt/magnum-opus/candle-service/internal/writer/questdb/writer.go:182.31,184.3 1 0
github.com/mrqdt/magnum-opus/candle-service/internal/writer/questdb/writer.go:185.2,185.31 1 1
github.com/mrqdt/magnum-opus/candle-service/internal/writer/questdb/writer.go:185.31,187.3 1 0
github.com/mrqdt/magnum-opus/candle-service/internal/writer/questdb/writer.go:188.2,188.31 1 1
github.com/mrqdt/magnum-opus/candle-service/internal/writer/questdb/writer.go:188.31,190.3 1 0
github.com/mrqdt/magnum-opus/candle-service/internal/writer/questdb/writer.go:191.2,191.31 1 1
github.com/mrqdt/magnum-opus/candle-service/internal/writer/questdb/writer.go:191.31,193.3 1 0
github.com/mrqdt/magnum-opus/candle-service/internal/writer/questdb/writer.go:194.2,194.34 1 1
github.com/mrqdt/magnum-opus/candle-service/internal/writer/questdb/writer.go:194.34,196.3 1 0
github.com/mrqdt/magnum-opus/candle-service/internal/writer/questdb/writer.go:197.2,197.34 1 1
github.com/mrqdt/magnum-opus/candle-service/internal/writer/questdb/writer.go:197.34,199.3 1 0
github.com/mrqdt/magnum-opus/candle-service/internal/writer/questdb/writer.go:200.2,200.34 1 1
github.com/mrqdt/magnum-opus/candle-service/internal/writer/questdb/writer.go:200.34,202.3 1 0
github.com/mrqdt/magnum-opus/candle-service/internal/writer/questdb/writer.go:203.2,203.34 1 1
github.com/mrqdt/magnum-opus/candle-service/internal/writer/questdb/writer.go:203.34,205.3 1 0
github.com/mrqdt/magnum-opus/candle-service/internal/writer/questdb/writer.go:208.2,208.32 1 1
github.com/mrqdt/magnum-opus/candle-service/internal/writer/questdb/writer.go:208.32,210.3 1 0
github.com/mrqdt/magnum-opus/candle-service/internal/writer/questdb/writer.go:211.2,211.32 1 1
github.com/mrqdt/magnum-opus/candle-service/internal/writer/questdb/writer.go:211.32,213.3 1 0
github.com/mrqdt/magnum-opus/candle-service/internal/writer/questdb/writer.go:214.2,214.32 1 1
github.com/mrqdt/magnum-opus/candle-service/internal/writer/questdb/writer.go:214.32,216.3 1 0
github.com/mrqdt/magnum-opus/candle-service/internal/writer/questdb/writer.go:217.2,217.32 1 1
github.com/mrqdt/magnum-opus/candle-service/internal/writer/questdb/writer.go:217.32,219.3 1 0
github.com/mrqdt/magnum-opus/candle-service/internal/writer/questdb/writer.go:220.2,220.35 1 1
github.com/mrqdt/magnum-opus/candle-service/internal/writer/questdb/writer.go:220.35,222.3 1 0
github.com/mrqdt/magnum-opus/candle-service/internal/writer/questdb/writer.go:223.2,223.35 1 1
github.com/mrqdt/magnum-opus/candle-service/internal/writer/questdb/writer.go:223.35,225.3 1 0
github.com/mrqdt/magnum-opus/candle-service/internal/writer/questdb/writer.go:226.2,226.35 1 1
github.com/mrqdt/magnum-opus/candle-service/internal/writer/questdb/writer.go:226.35,228.3 1 0
github.com/mrqdt/magnum-opus/candle-service/internal/writer/questdb/writer.go:229.2,229.35 1 1
github.com/mrqdt/magnum-opus/candle-service/internal/writer/questdb/writer.go:229.35,231.3 1 0
github.com/mrqdt/magnum-opus/candle-service/internal/writer/questdb/writer.go:234.2,234.33 1 1
github.com/mrqdt/magnum-opus/candle-service/internal/writer/questdb/writer.go:234.33,236.3 1 0
github.com/mrqdt/magnum-opus/candle-service/internal/writer/questdb/writer.go:237.2,237.33 1 1
github.com/mrqdt/magnum-opus/candle-service/internal/writer/questdb/writer.go:237.33,239.3 1 0
github.com/mrqdt/magnum-opus/candle-service/internal/writer/questdb/writer.go:242.2,242.31 1 1
github.com/mrqdt/magnum-opus/candle-service/internal/writer/questdb/writer.go:242.31,244.3 1 0
github.com/mrqdt/magnum-opus/candle-service/internal/writer/questdb/writer.go:245.2,245.31 1 1
github.com/mrqdt/magnum-opus/candle-service/internal/writer/questdb/writer.go:245.31,247.3 1 0
github.com/mrqdt/magnum-opus/candle-service/internal/writer/questdb/writer.go:250.2,250.29 1 1
github.com/mrqdt/magnum-opus/candle-service/internal/writer/questdb/writer.go:250.29,252.3 1 0
github.com/mrqdt/magnum-opus/candle-service/internal/writer/questdb/writer.go:253.2,253.29 1 1
github.com/mrqdt/magnum-opus/candle-service/internal/writer/questdb/writer.go:253.29,255.3 1 0
github.com/mrqdt/magnum-opus/candle-service/internal/writer/questdb/writer.go:256.2,256.28 1 1
github.com/mrqdt/magnum-opus/candle-service/internal/writer/questdb/writer.go:256.28,258.3 1 0
github.com/mrqdt/magnum-opus/candle-service/internal/writer/questdb/writer.go:259.2,259.21 1 1
github.com/mrqdt/magnum-opus/candle-service/internal/writer/questdb/writer.go:259.21,261.3 1 0
github.com/mrqdt/magnum-opus/candle-service/internal/writer/questdb/writer.go:264.2,264.27 1 1
github.com/mrqdt/magnum-opus/candle-service/internal/writer/questdb/writer.go:264.27,266.3 1 0
github.com/mrqdt/magnum-opus/candle-service/internal/writer/questdb/writer.go:267.2,267.26 1 1
github.com/mrqdt/magnum-opus/candle-service/internal/writer/questdb/writer.go:267.26,269.3 1 0
github.com/mrqdt/magnum-opus/candle-service/internal/writer/questdb/writer.go:270.2,270.27 1 1
github.com/mrqdt/magnum-opus/candle-service/internal/writer/questdb/writer.go:270.27,272.3 1 0
github.com/mrqdt/magnum-opus/candle-service/internal/writer/questdb/writer.go:273.2,273.32 1 1
github.com/mrqdt/magnum-opus/candle-service/internal/writer/questdb/writer.go:273.32,275.3 1 0
github.com/mrqdt/magnum-opus/candle-service/internal/writer/questdb/writer.go:278.2,278.26 1 1
github.com/mrqdt/magnum-opus/candle-service/internal/writer/questdb/writer.go:278.26,280.3 1 0
github.com/mrqdt/magnum-opus/candle-service/internal/writer/questdb/writer.go:281.2,281.25 1 1
github.com/mrqdt/magnum-opus/candle-service/internal/writer/questdb/writer.go:281.25,283.3 1 0
github.com/mrqdt/magnum-opus/candle-service/internal/writer/questdb/writer.go:286.2,286.31 1 1
github.com/mrqdt/magnum-opus/candle-service/internal/writer/questdb/writer.go:286.31,288.3 1 0
github.com/mrqdt/magnum-opus/candle-service/internal/writer/questdb/writer.go:289.2,289.32 1 1
github.com/mrqdt/magnum-opus/candle-service/internal/writer/questdb/writer.go:289.32,291.3 1 0
github.com/mrqdt/magnum-opus/candle-service/internal/writer/questdb/writer.go:292.2,292.31 1 1
github.com/mrqdt/magnum-opus/candle-service/internal/writer/questdb/writer.go:292.31,294.3 1 0
github.com/mrqdt/magnum-opus/candle-service/internal/writer/questdb/writer.go:295.2,295.31 1 1
github.com/mrqdt/magnum-opus/candle-service/internal/writer/questdb/writer.go:295.31,297.3 1 0
github.com/mrqdt/magnum-opus/candle-service/internal/writer/questdb/writer.go:300.2,300.29 1 1
github.com/mrqdt/magnum-opus/candle-service/internal/writer/questdb/writer.go:300.29,302.3 1 0
github.com/mrqdt/magnum-opus/candle-service/internal/writer/questdb/writer.go:303.2,303.35 1 1
github.com/mrqdt/magnum-opus/candle-service/internal/writer/questdb/writer.go:303.35,305.3 1 0
github.com/mrqdt/magnum-opus/candle-service/internal/writer/questdb/writer.go:306.2,306.34 1 1
github.com/mrqdt/magnum-opus/candle-service/internal/writer/questdb/writer.go:306.34,308.3 1 0
github.com/mrqdt/magnum-opus/candle-service/internal/writer/questdb/writer.go:309.2,309.32 1 1
github.com/mrqdt/magnum-opus/candle-service/internal/writer/questdb/writer.go:309.32,311.3 1 0
github.com/mrqdt/magnum-opus/candle-service/internal/writer/questdb/writer.go:312.2,312.34 1 1
github.com/mrqdt/magnum-opus/candle-service/internal/writer/questdb/writer.go:312.34,314.3 1 0
github.com/mrqdt/magnum-opus/candle-service/internal/writer/questdb/writer.go:317.2,317.28 1 1
github.com/mrqdt/magnum-opus/candle-service/internal/writer/questdb/writer.go:317.28,319.3 1 0
github.com/mrqdt/magnum-opus/candle-service/internal/writer/questdb/writer.go:320.2,320.33 1 1
github.com/mrqdt/magnum-opus/candle-service/internal/writer/questdb/writer.go:320.33,322.3 1 0
github.com/mrqdt/magnum-opus/candle-service/internal/writer/questdb/writer.go:323.2,323.28 1 1
github.com/mrqdt/magnum-opus/candle-service/internal/writer/questdb/writer.go:323.28,325.3 1 0
github.com/mrqdt/magnum-opus/candle-service/internal/writer/questdb/writer.go:326.2,326.30 1 1
github.com/mrqdt/magnum-opus/candle-service/internal/writer/questdb/writer.go:326.30,328.3 1 0
github.com/mrqdt/magnum-opus/candle-service/internal/writer/questdb/writer.go:331.2,331.33 1 1
github.com/mrqdt/magnum-opus/candle-service/internal/writer/questdb/writer.go:331.33,333.3 1 0
github.com/mrqdt/magnum-opus/candle-service/internal/writer/questdb/writer.go:334.2,334.33 1 1
github.com/mrqdt/magnum-opus/candle-service/internal/writer/questdb/writer.go:334.33,336.3 1 0
github.com/mrqdt/magnum-opus/candle-service/internal/writer/questdb/writer.go:337.2,337.31 1 1
github.com/mrqdt/magnum-opus/candle-service/internal/writer/questdb/writer.go:337.31,339.3 1 0
github.com/mrqdt/magnum-opus/candle-service/internal/writer/questdb/writer.go:340.2,340.31 1 1
github.com/mrqdt/magnum-opus/candle-service/internal/writer/questdb/writer.go:340.31,342.3 1 0
github.com/mrqdt/magnum-opus/candle-service/internal/writer/questdb/writer.go:343.2,343.30 1 1
github.com/mrqdt/magnum-opus/candle-service/internal/writer/questdb/writer.go:343.30,345.3 1 0
github.com/mrqdt/magnum-opus/candle-service/internal/writer/questdb/writer.go:346.2,346.32 1 1
github.com/mrqdt/magnum-opus/candle-service/internal/writer/questdb/writer.go:346.32,348.3 1 0
github.com/mrqdt/magnum-opus/candle-service/internal/writer/questdb/writer.go:349.2,349.32 1 1
github.com/mrqdt/magnum-opus/candle-service/internal/writer/questdb/writer.go:349.32,351.3 1 0
github.com/mrqdt/magnum-opus/candle-service/internal/writer/questdb/writer.go:352.2,352.31 1 1
github.com/mrqdt/magnum-opus/candle-service/internal/writer/questdb/writer.go:352.31,354.3 1 0
github.com/mrqdt/magnum-opus/candle-service/internal/writer/questdb/writer.go:355.2,355.31 1 1
github.com/mrqdt/magnum-opus/candle-service/internal/writer/questdb/writer.go:355.31,357.3 1 0
github.com/mrqdt/magnum-opus/candle-service/internal/writer/questdb/writer.go:358.2,358.32 1 1
github.com/mrqdt/magnum-opus/candle-service/internal/writer/questdb/writer.go:358.32,360.3 1 0
github.com/mrqdt/magnum-opus/candle-service/internal/writer/questdb/writer.go:363.2,363.34 1 1
github.com/mrqdt/magnum-opus/candle-service/internal/writer/questdb/writer.go:363.34,365.3 1 0
github.com/mrqdt/magnum-opus/candle-service/internal/writer/questdb/writer.go:366.2,366.40 1 1
github.com/mrqdt/magnum-opus/candle-service/internal/writer/questdb/writer.go:366.40,368.3 1 0
github.com/mrqdt/magnum-opus/candle-service/internal/writer/questdb/writer.go:369.2,369.36 1 1
github.com/mrqdt/magnum-opus/candle-service/internal/writer/questdb/writer.go:369.36,371.3 1 0
github.com/mrqdt/magnum-opus/candle-service/internal/writer/questdb/writer.go:374.2,374.20 1 1
github.com/mrqdt/magnum-opus/candle-service/internal/writer/questdb/writer.go:374.20,376.3 1 0
github.com/mrqdt/magnum-opus/candle-service/internal/writer/questdb/writer.go:377.2,377.22 1 1
github.com/mrqdt/magnum-opus/candle-service/internal/writer/questdb/writer.go:377.22,379.3 1 0
github.com/mrqdt/magnum-opus/candle-service/internal/writer/questdb/writer.go:382.2,386.65 2 1
github.com/mrqdt/magnum-opus/candle-service/internal/writer/questdb/writer.go:386.65,388.3 1 0
github.com/mrqdt/magnum-opus/candle-service/internal/writer/questdb/writer.go:389.2,389.28 1 1
github.com/mrqdt/magnum-opus/candle-service/internal/writer/questdb/writer.go:393.50,396.42 3 1
github.com/mrqdt/magnum-opus/candle-service/internal/writer/questdb/writer.go:396.42,400.3 2 1
github.com/mrqdt/magnum-opus/candle-service/internal/writer/questdb/writer.go:401.2,401.49 1 1
github.com/mrqdt/magnum-opus/candle-service/internal/writer/questdb/writer.go:405.48,411.24 5 0
github.com/mrqdt/magnum-opus/candle-service/internal/writer/questdb/writer.go:411.24,412.54 1 0
github.com/mrqdt/magnum-opus/candle-service/internal/writer/questdb/writer.go:412.54,415.4 2 0
github.com/mrqdt/magnum-opus/candle-service/internal/writer/questdb/writer.go:420.51,423.6 3 1
github.com/mrqdt/magnum-opus/candle-service/internal/writer/questdb/writer.go:423.6,424.10 1 1
github.com/mrqdt/magnum-opus/candle-service/internal/writer/questdb/writer.go:425.21,426.10 1 1
github.com/mrqdt/magnum-opus/candle-service/internal/writer/questdb/writer.go:427.19,429.41 2 1
github.com/mrqdt/magnum-opus/candle-service/internal/writer/questdb/writer.go:429.41,431.5 1 0
github.com/mrqdt/magnum-opus/candle-service/internal/writer/questdb/writer.go:437.54,439.16 2 1
github.com/mrqdt/magnum-opus/candle-service/internal/writer/questdb/writer.go:439.16,442.3 2 0
github.com/mrqdt/magnum-opus/candle-service/internal/writer/questdb/writer.go:443.2,443.16 1 1
github.com/mrqdt/magnum-opus/candle-service/internal/writer/questdb/writer.go:443.16,444.28 1 1
github.com/mrqdt/magnum-opus/candle-service/internal/writer/questdb/writer.go:444.28,447.4 2 0
github.com/mrqdt/magnum-opus/candle-service/internal/writer/questdb/writer.go:448.3,448.9 1 1
github.com/mrqdt/magnum-opus/candle-service/internal/writer/questdb/writer.go:451.2,454.41 3 0
github.com/mrqdt/magnum-opus/candle-service/internal/writer/questdb/writer.go:454.41,457.3 2 0
github.com/mrqdt/magnum-opus/candle-service/internal/writer/questdb/writer.go:458.2,460.17 3 0
github.com/mrqdt/magnum-opus/candle-service/internal/writer/questdb/writer.go:464.68,467.38 3 1
github.com/mrqdt/magnum-opus/candle-service/internal/writer/questdb/writer.go:467.38,469.3 1 1
github.com/mrqdt/magnum-opus/candle-service/internal/writer/questdb/writer.go:470.2,473.16 3 1
github.com/mrqdt/magnum-opus/candle-service/internal/writer/questdb/writer.go:473.16,475.3 1 0
github.com/mrqdt/magnum-opus/candle-service/internal/writer/questdb/writer.go:476.2,477.16 2 1
github.com/mrqdt/magnum-opus/candle-service/internal/writer/questdb/writer.go:477.16,479.3 1 0
github.com/mrqdt/magnum-opus/candle-service/internal/writer/questdb/writer.go:480.2,483.16 3 1
github.com/mrqdt/magnum-opus/candle-service/internal/writer/questdb/writer.go:483.16,485.3 1 0
github.com/mrqdt/magnum-opus/candle-service/internal/writer/questdb/writer.go:487.2,490.54 2 1
github.com/mrqdt/magnum-opus/candle-service/internal/writer/questdb/writer.go:490.54,492.3 1 0
github.com/mrqdt/magnum-opus/candle-service/internal/writer/questdb/writer.go:494.2,494.37 1 1
github.com/mrqdt/magnum-opus/candle-service/internal/writer/questdb/writer.go:494.37,495.19 1 1
github.com/mrqdt/magnum-opus/candle-service/internal/writer/questdb/writer.go:495.19,496.12 1 0
github.com/mrqdt/magnum-opus/candle-service/internal/writer/questdb/writer.go:498.3,499.28 2 1
github.com/mrqdt/magnum-opus/candle-service/internal/writer/questdb/writer.go:499.28,500.12 1 0
github.com/mrqdt/magnum-opus/candle-service/internal/writer/questdb/writer.go:502.3,503.24 2 1
github.com/mrqdt/magnum-opus/candle-service/internal/writer/questdb/writer.go:505.2,505.19 1 0
github.com/mrqdt/magnum-opus/candle-service/internal/writer/questdb/writer.go:509.50,511.2 1 1
github.com/mrqdt/magnum-opus/candle-service/internal/writer/questdb/writer.go:514.42,516.2 1 1
github.com/mrqdt/magnum-opus/candle-service/internal/writer/questdb/writer.go:519.40,521.2 1 0
github.com/mrqdt/magnum-opus/candle-service/internal/writer/questdb/writer.go:524.55,527.38 3 0
github.com/mrqdt/magnum-opus/candle-service/internal/writer/questdb/writer.go:527.38,529.3 1 0
github.com/mrqdt/magnum-opus/candle-service/internal/writer/questdb/writer.go:530.2,533.16 3 0
github.com/mrqdt/magnum-opus/candle-service/internal/writer/questdb/writer.go:533.16,535.3 1 0
github.com/mrqdt/magnum-opus/candle-service/internal/writer/questdb/writer.go:536.2,537.16 2 0
github.com/mrqdt/magnum-opus/candle-service/internal/writer/questdb/writer.go:537.16,539.3 1 0
github.com/mrqdt/magnum-opus/candle-service/internal/writer/questdb/writer.go:540.2,541.38 2 0
github.com/mrqdt/magnum-opus/candle-service/internal/writer/questdb/writer.go:541.38,544.3 2 0
github.com/mrqdt/magnum-opus/candle-service/internal/writer/questdb/writer.go:545.2,545.12 1 0
github.com/mrqdt/magnum-opus/candle-service/internal/writer/redis/publisher.go:32.94,40.2 1 1
github.com/mrqdt/magnum-opus/candle-service/internal/writer/redis/publisher.go:44.50,46.2 1 1
github.com/mrqdt/magnum-opus/candle-service/internal/writer/redis/publisher.go:50.74,51.27 1 1
github.com/mrqdt/magnum-opus/candle-service/internal/writer/redis/publisher.go:51.27,56.67 4 1
github.com/mrqdt/magnum-opus/candle-service/internal/writer/redis/publisher.go:56.67,60.26 2 1
github.com/mrqdt/magnum-opus/candle-service/internal/writer/redis/publisher.go:60.26,62.5 1 1
github.com/mrqdt/magnum-opus/candle-service/internal/writer/redis/publisher.go:64.3,64.70 1 1
github.com/mrqdt/magnum-opus/candle-service/internal/writer/redis/publisher.go:64.70,68.26 2 1
github.com/mrqdt/magnum-opus/candle-service/internal/writer/redis/publisher.go:68.26,70.5 1 1
github.com/mrqdt/magnum-opus/candle-service/internal/writer/redis/publisher.go:78.77,79.21 1 1
github.com/mrqdt/magnum-opus/candle-service/internal/writer/redis/publisher.go:79.21,81.3 1 1
github.com/mrqdt/magnum-opus/candle-service/internal/writer/redis/publisher.go:82.2,84.59 3 1
github.com/mrqdt/magnum-opus/candle-service/internal/writer/redis/publisher.go:84.59,88.25 2 0
github.com/mrqdt/magnum-opus/candle-service/internal/writer/redis/publisher.go:88.25,90.4 1 0
github.com/mrqdt/magnum-opus/candle-service/internal/writer/redis/publisher.go:94.105,102.2 2 1
github.com/mrqdt/magnum-opus/candle-service/internal/writer/redis/publisher.go:106.65,108.16 2 1
github.com/mrqdt/magnum-opus/candle-service/internal/writer/redis/publisher.go:108.16,110.3 1 1
github.com/mrqdt/magnum-opus/candle-service/internal/writer/redis/publisher.go:111.2,126.3 1 1
github.com/mrqdt/magnum-opus/candle-service/internal/writer/redis/publisher.go:129.38,130.14 1 1
github.com/mrqdt/magnum-opus/candle-service/internal/writer/redis/publisher.go:130.14,132.3 1 1
github.com/mrqdt/magnum-opus/candle-service/internal/writer/redis/publisher.go:133.2,133.45 1 1
github.com/mrqdt/magnum-opus/candle-service/internal/writer/redis/publisher.go:139.81,142.59 3 1
github.com/mrqdt/magnum-opus/candle-service/internal/writer/redis/publisher.go:142.59,145.25 2 1
github.com/mrqdt/magnum-opus/candle-service/internal/writer/redis/publisher.go:145.25,147.4 1 1
github.com/mrqdt/magnum-opus/candle-service/internal/writer/redis/publisher.go:152.51,170.2 1 1
