mode: atomic
github.com/mrqdt/magnum-opus/candle-service/internal/config/config.go:53.20,83.2 1 4
github.com/mrqdt/magnum-opus/candle-service/internal/config/config.go:85.42,86.34 1 52
github.com/mrqdt/magnum-opus/candle-service/internal/config/config.go:86.34,88.3 1 7
github.com/mrqdt/magnum-opus/candle-service/internal/config/config.go:89.2,89.17 1 45
github.com/mrqdt/magnum-opus/candle-service/internal/config/config.go:92.69,93.34 1 4
github.com/mrqdt/magnum-opus/candle-service/internal/config/config.go:93.34,94.53 1 2
github.com/mrqdt/magnum-opus/candle-service/internal/config/config.go:94.53,96.4 1 1
github.com/mrqdt/magnum-opus/candle-service/internal/config/config.go:98.2,98.50 1 3
github.com/mrqdt/magnum-opus/candle-service/internal/config/config.go:101.46,102.34 1 40
github.com/mrqdt/magnum-opus/candle-service/internal/config/config.go:102.34,103.53 1 1
github.com/mrqdt/magnum-opus/candle-service/internal/config/config.go:103.53,105.4 1 1
github.com/mrqdt/magnum-opus/candle-service/internal/config/config.go:107.2,107.17 1 39
github.com/mrqdt/magnum-opus/candle-service/internal/config/config.go:112.43,113.15 1 8
github.com/mrqdt/magnum-opus/candle-service/internal/config/config.go:113.15,115.3 1 5
github.com/mrqdt/magnum-opus/candle-service/internal/config/config.go:116.2,118.26 3 3
github.com/mrqdt/magnum-opus/candle-service/internal/config/config.go:118.26,119.41 1 7
github.com/mrqdt/magnum-opus/candle-service/internal/config/config.go:119.41,121.4 1 5
github.com/mrqdt/magnum-opus/candle-service/internal/config/config.go:123.2,123.12 1 3
github.com/mrqdt/magnum-opus/candle-service/internal/cascade/cascade.go:66.48,67.19 1 553
github.com/mrqdt/magnum-opus/candle-service/internal/cascade/cascade.go:67.19,69.3 1 70
github.com/mrqdt/magnum-opus/candle-service/internal/cascade/cascade.go:70.2,70.38 1 553
github.com/mrqdt/magnum-opus/candle-service/internal/cascade/cascade.go:70.38,73.3 2 63
github.com/mrqdt/magnum-opus/candle-service/internal/cascade/cascade.go:74.2,74.21 1 553
github.com/mrqdt/magnum-opus/candle-service/internal/cascade/cascade.go:74.21,75.43 1 490
github.com/mrqdt/magnum-opus/candle-service/internal/cascade/cascade.go:75.43,78.4 2 483
github.com/mrqdt/magnum-opus/candle-service/internal/cascade/cascade.go:80.2,80.20 1 553
github.com/mrqdt/magnum-opus/candle-service/internal/cascade/cascade.go:80.20,81.40 1 490
github.com/mrqdt/magnum-opus/candle-service/internal/cascade/cascade.go:81.40,84.4 2 70
github.com/mrqdt/magnum-opus/candle-service/internal/cascade/cascade.go:86.2,86.22 1 553
github.com/mrqdt/magnum-opus/candle-service/internal/cascade/cascade.go:86.22,89.3 2 490
github.com/mrqdt/magnum-opus/candle-service/internal/cascade/cascade.go:90.2,90.23 1 553
github.com/mrqdt/magnum-opus/candle-service/internal/cascade/cascade.go:90.23,92.3 1 490
github.com/mrqdt/magnum-opus/candle-service/internal/cascade/cascade.go:93.2,93.28 1 553
github.com/mrqdt/magnum-opus/candle-service/internal/cascade/cascade.go:93.28,95.3 1 490
github.com/mrqdt/magnum-opus/candle-service/internal/cascade/cascade.go:96.2,98.28 3 553
github.com/mrqdt/magnum-opus/candle-service/internal/cascade/cascade.go:101.42,103.2 1 8
github.com/mrqdt/magnum-opus/candle-service/internal/cascade/cascade.go:105.81,118.19 2 33
github.com/mrqdt/magnum-opus/candle-service/internal/cascade/cascade.go:118.19,121.3 2 29
github.com/mrqdt/magnum-opus/candle-service/internal/cascade/cascade.go:122.2,122.19 1 33
github.com/mrqdt/magnum-opus/candle-service/internal/cascade/cascade.go:122.19,125.3 2 29
github.com/mrqdt/magnum-opus/candle-service/internal/cascade/cascade.go:126.2,126.18 1 33
github.com/mrqdt/magnum-opus/candle-service/internal/cascade/cascade.go:126.18,129.3 2 29
github.com/mrqdt/magnum-opus/candle-service/internal/cascade/cascade.go:130.2,130.23 1 33
github.com/mrqdt/magnum-opus/candle-service/internal/cascade/cascade.go:130.23,133.3 2 29
github.com/mrqdt/magnum-opus/candle-service/internal/cascade/cascade.go:134.2,134.10 1 33
github.com/mrqdt/magnum-opus/candle-service/internal/cascade/cascade.go:139.44,142.12 3 609
github.com/mrqdt/magnum-opus/candle-service/internal/cascade/cascade.go:143.12,144.70 1 87
github.com/mrqdt/magnum-opus/candle-service/internal/cascade/cascade.go:145.12,146.78 1 87
github.com/mrqdt/magnum-opus/candle-service/internal/cascade/cascade.go:147.13,148.80 1 87
github.com/mrqdt/magnum-opus/candle-service/internal/cascade/cascade.go:149.12,150.66 1 87
github.com/mrqdt/magnum-opus/candle-service/internal/cascade/cascade.go:151.12,152.74 1 87
github.com/mrqdt/magnum-opus/candle-service/internal/cascade/cascade.go:153.12,154.76 1 87
github.com/mrqdt/magnum-opus/candle-service/internal/cascade/cascade.go:155.12,157.103 1 87
github.com/mrqdt/magnum-opus/candle-service/internal/cascade/cascade.go:159.2,159.14 1 0
github.com/mrqdt/magnum-opus/candle-service/internal/cascade/cascade.go:171.60,173.28 2 20
github.com/mrqdt/magnum-opus/candle-service/internal/cascade/cascade.go:173.28,175.3 1 140
github.com/mrqdt/magnum-opus/candle-service/internal/cascade/cascade.go:176.2,176.74 1 20
github.com/mrqdt/magnum-opus/candle-service/internal/cascade/cascade.go:181.65,183.28 2 79
github.com/mrqdt/magnum-opus/candle-service/internal/cascade/cascade.go:183.28,186.30 3 553
github.com/mrqdt/magnum-opus/candle-service/internal/cascade/cascade.go:186.30,189.4 2 8
github.com/mrqdt/magnum-opus/candle-service/internal/cascade/cascade.go:191.2,191.15 1 79
github.com/mrqdt/magnum-opus/candle-service/internal/cascade/cascade.go:196.40,198.2 1 25
github.com/mrqdt/magnum-opus/candle-service/internal/cascade/cascade.go:202.67,205.36 3 9
github.com/mrqdt/magnum-opus/candle-service/internal/cascade/cascade.go:205.36,207.3 1 9
github.com/mrqdt/magnum-opus/candle-service/internal/cascade/cascade.go:208.2,212.35 5 9
github.com/mrqdt/magnum-opus/candle-service/internal/cascade/cascade.go:212.35,214.3 1 9
github.com/mrqdt/magnum-opus/candle-service/internal/cascade/cascade.go:215.2,215.38 1 9
github.com/mrqdt/magnum-opus/candle-service/internal/cascade/cascade.go:215.38,217.3 1 9
github.com/mrqdt/magnum-opus/candle-service/internal/cascade/cascade.go:218.2,218.40 1 9
github.com/mrqdt/magnum-opus/candle-service/internal/cascade/cascade.go:218.40,220.3 1 9
github.com/mrqdt/magnum-opus/candle-service/internal/cascade/cascade.go:221.2,221.38 1 9
github.com/mrqdt/magnum-opus/candle-service/internal/cascade/cascade.go:221.38,223.3 1 9
github.com/mrqdt/magnum-opus/candle-service/internal/cascade/cascade.go:224.2,224.38 1 9
github.com/mrqdt/magnum-opus/candle-service/internal/cascade/cascade.go:224.38,226.3 1 9
github.com/mrqdt/magnum-opus/candle-service/internal/cascade/cascade.go:231.50,245.2 13 7
github.com/mrqdt/magnum-opus/candle-service/internal/cascade/cascade.go:247.38,248.14 1 28
github.com/mrqdt/magnum-opus/candle-service/internal/cascade/cascade.go:248.14,250.3 1 0
github.com/mrqdt/magnum-opus/candle-service/internal/cascade/cascade.go:251.2,251.45 1 28
github.com/mrqdt/magnum-opus/candle-service/internal/cascade/cascade.go:254.39,255.13 1 36
github.com/mrqdt/magnum-opus/candle-service/internal/cascade/cascade.go:255.13,257.3 1 4
github.com/mrqdt/magnum-opus/candle-service/internal/cascade/cascade.go:258.2,259.16 2 32
github.com/mrqdt/magnum-opus/candle-service/internal/cascade/cascade.go:259.16,261.3 1 0
github.com/mrqdt/magnum-opus/candle-service/internal/cascade/cascade.go:262.2,262.11 1 32
github.com/mrqdt/magnum-opus/candle-service/internal/health/health.go:44.76,56.2 4 7
github.com/mrqdt/magnum-opus/candle-service/internal/health/health.go:60.53,62.2 1 1
github.com/mrqdt/magnum-opus/candle-service/internal/health/health.go:67.51,68.76 1 0
github.com/mrqdt/magnum-opus/candle-service/internal/health/health.go:68.76,69.34 1 0
github.com/mrqdt/magnum-opus/candle-service/internal/health/health.go:69.34,72.4 2 0
github.com/mrqdt/magnum-opus/candle-service/internal/health/health.go:73.3,75.67 3 0
github.com/mrqdt/magnum-opus/candle-service/internal/health/health.go:77.2,77.10 1 0
github.com/mrqdt/magnum-opus/candle-service/internal/health/health.go:81.41,81.57 1 7
github.com/mrqdt/magnum-opus/candle-service/internal/health/health.go:83.71,94.2 3 5
github.com/mrqdt/magnum-opus/candle-service/internal/health/health.go:96.72,104.2 2 1
github.com/mrqdt/magnum-opus/candle-service/internal/health/health.go:107.57,108.21 1 5
github.com/mrqdt/magnum-opus/candle-service/internal/health/health.go:108.21,110.3 1 1
github.com/mrqdt/magnum-opus/candle-service/internal/health/health.go:111.2,111.47 1 4
github.com/mrqdt/magnum-opus/candle-service/internal/health/health.go:111.47,113.3 1 2
github.com/mrqdt/magnum-opus/candle-service/internal/health/health.go:114.2,114.13 1 2
github.com/mrqdt/magnum-opus/candle-service/internal/consumer/consumer.go:111.13,126.2 1 0
github.com/mrqdt/magnum-opus/candle-service/internal/consumer/consumer.go:132.106,136.2 3 0
github.com/mrqdt/magnum-opus/candle-service/internal/consumer/consumer.go:142.47,149.2 6 0
github.com/mrqdt/magnum-opus/candle-service/internal/consumer/consumer.go:153.42,157.2 3 1
github.com/mrqdt/magnum-opus/candle-service/internal/consumer/consumer.go:161.57,165.14 4 0
github.com/mrqdt/magnum-opus/candle-service/internal/consumer/consumer.go:165.14,168.17 2 0
github.com/mrqdt/magnum-opus/candle-service/internal/consumer/consumer.go:168.17,170.4 1 0
github.com/mrqdt/magnum-opus/candle-service/internal/consumer/consumer.go:171.3,171.14 1 0
github.com/mrqdt/magnum-opus/candle-service/internal/consumer/consumer.go:173.2,174.16 2 0
github.com/mrqdt/magnum-opus/candle-service/internal/consumer/consumer.go:174.16,177.3 2 0
github.com/mrqdt/magnum-opus/candle-service/internal/consumer/consumer.go:178.2,178.46 1 0
github.com/mrqdt/magnum-opus/candle-service/internal/consumer/consumer.go:183.48,185.13 2 3
github.com/mrqdt/magnum-opus/candle-service/internal/consumer/consumer.go:185.13,187.3 1 1
github.com/mrqdt/magnum-opus/candle-service/internal/consumer/consumer.go:188.2,188.12 1 3
github.com/mrqdt/magnum-opus/candle-service/internal/consumer/consumer.go:198.55,201.20 3 0
github.com/mrqdt/magnum-opus/candle-service/internal/consumer/consumer.go:201.20,203.3 1 0
github.com/mrqdt/magnum-opus/candle-service/internal/consumer/consumer.go:204.2,205.42 2 0
github.com/mrqdt/magnum-opus/candle-service/internal/consumer/consumer.go:205.42,207.3 1 0
github.com/mrqdt/magnum-opus/candle-service/internal/consumer/consumer.go:208.2,208.27 1 0
github.com/mrqdt/magnum-opus/candle-service/internal/consumer/consumer.go:208.27,210.96 1 0
github.com/mrqdt/magnum-opus/candle-service/internal/consumer/consumer.go:210.96,212.4 1 0
github.com/mrqdt/magnum-opus/candle-service/internal/consumer/consumer.go:214.2,220.12 6 0
github.com/mrqdt/magnum-opus/candle-service/internal/consumer/consumer.go:230.65,233.6 3 0
github.com/mrqdt/magnum-opus/candle-service/internal/consumer/consumer.go:233.6,242.17 2 0
github.com/mrqdt/magnum-opus/candle-service/internal/consumer/consumer.go:242.17,244.4 1 0
github.com/mrqdt/magnum-opus/candle-service/internal/consumer/consumer.go:245.3,245.28 1 0
github.com/mrqdt/magnum-opus/candle-service/internal/consumer/consumer.go:245.28,246.52 1 0
github.com/mrqdt/magnum-opus/candle-service/internal/consumer/consumer.go:246.52,248.5 1 0
github.com/mrqdt/magnum-opus/candle-service/internal/consumer/consumer.go:250.3,251.20 2 0
github.com/mrqdt/magnum-opus/candle-service/internal/consumer/consumer.go:251.20,252.9 1 0
github.com/mrqdt/magnum-opus/candle-service/internal/consumer/consumer.go:254.3,254.15 1 0
github.com/mrqdt/magnum-opus/candle-service/internal/consumer/consumer.go:256.2,257.12 2 0
github.com/mrqdt/magnum-opus/candle-service/internal/consumer/consumer.go:263.51,264.25 1 0
github.com/mrqdt/magnum-opus/candle-service/internal/consumer/consumer.go:264.25,265.42 1 0
github.com/mrqdt/magnum-opus/candle-service/internal/consumer/consumer.go:265.42,267.4 1 0
github.com/mrqdt/magnum-opus/candle-service/internal/consumer/consumer.go:271.3,274.50 4 0
github.com/mrqdt/magnum-opus/candle-service/internal/consumer/consumer.go:274.50,277.4 1 0
github.com/mrqdt/magnum-opus/candle-service/internal/consumer/consumer.go:280.2,281.16 2 0
github.com/mrqdt/magnum-opus/candle-service/internal/consumer/consumer.go:281.16,283.3 1 0
github.com/mrqdt/magnum-opus/candle-service/internal/consumer/consumer.go:285.2,285.18 1 0
github.com/mrqdt/magnum-opus/candle-service/internal/consumer/consumer.go:285.18,286.44 1 0
github.com/mrqdt/magnum-opus/candle-service/internal/consumer/consumer.go:286.44,288.4 1 0
github.com/mrqdt/magnum-opus/candle-service/internal/consumer/consumer.go:291.2,291.6 1 0
github.com/mrqdt/magnum-opus/candle-service/internal/consumer/consumer.go:291.6,292.10 1 0
github.com/mrqdt/magnum-opus/candle-service/internal/consumer/consumer.go:293.21,294.20 1 0
github.com/mrqdt/magnum-opus/candle-service/internal/consumer/consumer.go:295.21,297.41 2 0
github.com/mrqdt/magnum-opus/candle-service/internal/consumer/consumer.go:298.27,299.41 1 0
github.com/mrqdt/magnum-opus/candle-service/internal/consumer/consumer.go:299.41,302.5 2 0
github.com/mrqdt/magnum-opus/candle-service/internal/consumer/consumer.go:303.11,303.11 0 0
github.com/mrqdt/magnum-opus/candle-service/internal/consumer/consumer.go:306.3,314.17 2 0
github.com/mrqdt/magnum-opus/candle-service/internal/consumer/consumer.go:314.17,315.77 1 0
github.com/mrqdt/magnum-opus/candle-service/internal/consumer/consumer.go:315.77,316.13 1 0
github.com/mrqdt/magnum-opus/candle-service/internal/consumer/consumer.go:318.4,318.24 1 0
github.com/mrqdt/magnum-opus/candle-service/internal/consumer/consumer.go:318.24,320.5 1 0
github.com/mrqdt/magnum-opus/candle-service/internal/consumer/consumer.go:321.4,321.54 1 0
github.com/mrqdt/magnum-opus/candle-service/internal/consumer/consumer.go:324.3,324.31 1 0
github.com/mrqdt/magnum-opus/candle-service/internal/consumer/consumer.go:324.31,325.40 1 0
github.com/mrqdt/magnum-opus/candle-service/internal/consumer/consumer.go:325.40,326.53 1 0
github.com/mrqdt/magnum-opus/candle-service/internal/consumer/consumer.go:326.53,328.6 1 0
github.com/mrqdt/magnum-opus/candle-service/internal/consumer/consumer.go:334.56,335.43 1 0
github.com/mrqdt/magnum-opus/candle-service/internal/consumer/consumer.go:335.43,337.3 1 0
github.com/mrqdt/magnum-opus/candle-service/internal/consumer/consumer.go:338.2,338.17 1 0
github.com/mrqdt/magnum-opus/candle-service/internal/consumer/consumer.go:341.81,343.40 1 0
github.com/mrqdt/magnum-opus/candle-service/internal/consumer/consumer.go:343.40,344.85 1 0
github.com/mrqdt/magnum-opus/candle-service/internal/consumer/consumer.go:344.85,346.4 1 0
github.com/mrqdt/magnum-opus/candle-service/internal/consumer/consumer.go:347.3,347.13 1 0
github.com/mrqdt/magnum-opus/candle-service/internal/consumer/consumer.go:350.2,353.83 2 0
github.com/mrqdt/magnum-opus/candle-service/internal/consumer/consumer.go:353.83,354.85 1 0
github.com/mrqdt/magnum-opus/candle-service/internal/consumer/consumer.go:354.85,356.4 1 0
github.com/mrqdt/magnum-opus/candle-service/internal/consumer/consumer.go:357.3,359.13 3 0
github.com/mrqdt/magnum-opus/candle-service/internal/consumer/consumer.go:363.2,363.84 1 0
github.com/mrqdt/magnum-opus/candle-service/internal/consumer/consumer.go:363.84,365.3 1 0
github.com/mrqdt/magnum-opus/candle-service/internal/consumer/consumer.go:366.2,368.21 2 0
github.com/mrqdt/magnum-opus/candle-service/internal/consumer/consumer.go:369.17,373.15 4 0
github.com/mrqdt/magnum-opus/candle-service/internal/consumer/consumer.go:373.15,374.31 1 0
github.com/mrqdt/magnum-opus/candle-service/internal/consumer/consumer.go:374.31,376.5 1 0
github.com/mrqdt/magnum-opus/candle-service/internal/consumer/consumer.go:376.10,376.67 1 0
github.com/mrqdt/magnum-opus/candle-service/internal/consumer/consumer.go:376.67,378.5 1 0
github.com/mrqdt/magnum-opus/candle-service/internal/consumer/consumer.go:378.10,380.5 1 0
github.com/mrqdt/magnum-opus/candle-service/internal/consumer/consumer.go:382.3,387.15 4 0
github.com/mrqdt/magnum-opus/candle-service/internal/consumer/consumer.go:387.15,390.4 2 0
github.com/mrqdt/magnum-opus/candle-service/internal/consumer/consumer.go:391.3,392.23 2 0
github.com/mrqdt/magnum-opus/candle-service/internal/consumer/consumer.go:394.16,395.59 1 0
github.com/mrqdt/magnum-opus/candle-service/internal/consumer/consumer.go:395.59,397.4 1 0
github.com/mrqdt/magnum-opus/candle-service/internal/consumer/consumer.go:397.9,397.17 1 0
github.com/mrqdt/magnum-opus/candle-service/internal/consumer/consumer.go:397.17,399.4 1 0
github.com/mrqdt/magnum-opus/candle-service/internal/consumer/consumer.go:400.3,400.60 1 0
github.com/mrqdt/magnum-opus/candle-service/internal/consumer/consumer.go:400.60,402.4 1 0
github.com/mrqdt/magnum-opus/candle-service/internal/consumer/consumer.go:403.3,404.31 2 0
github.com/mrqdt/magnum-opus/candle-service/internal/consumer/consumer.go:406.21,409.22 1 0
github.com/mrqdt/magnum-opus/candle-service/internal/consumer/consumer.go:409.22,410.44 1 0
github.com/mrqdt/magnum-opus/candle-service/internal/consumer/consumer.go:410.44,412.5 1 0
github.com/mrqdt/magnum-opus/candle-service/internal/consumer/consumer.go:414.3,416.41 3 0
github.com/mrqdt/magnum-opus/candle-service/internal/consumer/consumer.go:418.20,420.43 1 0
github.com/mrqdt/magnum-opus/candle-service/internal/consumer/consumer.go:423.2,423.12 1 0
github.com/mrqdt/magnum-opus/candle-service/internal/consumer/consumer.go:428.51,430.16 2 0
github.com/mrqdt/magnum-opus/candle-service/internal/consumer/consumer.go:430.16,433.3 2 0
github.com/mrqdt/magnum-opus/candle-service/internal/consumer/consumer.go:434.2,434.19 1 0
github.com/mrqdt/magnum-opus/candle-service/internal/consumer/consumer.go:439.67,441.16 2 0
github.com/mrqdt/magnum-opus/candle-service/internal/consumer/consumer.go:441.16,443.3 1 0
github.com/mrqdt/magnum-opus/candle-service/internal/consumer/consumer.go:444.2,444.27 1 0
github.com/mrqdt/magnum-opus/candle-service/internal/consumer/consumer.go:444.27,446.3 1 0
github.com/mrqdt/magnum-opus/candle-service/internal/consumer/consumer.go:447.2,447.19 1 0
github.com/mrqdt/magnum-opus/candle-service/internal/consumer/consumer.go:450.39,452.2 1 0
github.com/mrqdt/magnum-opus/candle-service/internal/consumer/consumer.go:455.59,457.16 2 0
github.com/mrqdt/magnum-opus/candle-service/internal/consumer/consumer.go:457.16,459.3 1 0
github.com/mrqdt/magnum-opus/candle-service/internal/consumer/consumer.go:460.2,460.37 1 0
github.com/mrqdt/magnum-opus/candle-service/internal/consumer/consumer.go:460.37,470.3 3 0
github.com/mrqdt/magnum-opus/candle-service/internal/consumer/consumer.go:471.2,471.12 1 0
github.com/mrqdt/magnum-opus/candle-service/internal/consumer/consumer.go:475.38,478.2 1 6
github.com/mrqdt/magnum-opus/candle-service/internal/consumer/consumer.go:480.40,482.2 1 0
github.com/mrqdt/magnum-opus/candle-service/internal/consumer/consumer.go:484.77,486.31 2 0
github.com/mrqdt/magnum-opus/candle-service/internal/consumer/consumer.go:486.31,488.3 1 0
github.com/mrqdt/magnum-opus/candle-service/internal/consumer/consumer.go:489.2,489.16 1 0
github.com/mrqdt/magnum-opus/candle-service/internal/consumer/consumer.go:489.16,491.3 1 0
github.com/mrqdt/magnum-opus/candle-service/internal/consumer/consumer.go:493.2,493.18 1 0
github.com/mrqdt/magnum-opus/candle-service/internal/consumer/consumer.go:496.75,501.90 4 0
github.com/mrqdt/magnum-opus/candle-service/internal/consumer/consumer.go:501.90,503.3 1 0
github.com/mrqdt/magnum-opus/candle-service/internal/consumer/consumer.go:505.2,505.57 1 0
github.com/mrqdt/magnum-opus/candle-service/internal/consumer/consumer.go:509.57,510.6 1 0
github.com/mrqdt/magnum-opus/candle-service/internal/consumer/consumer.go:510.6,511.10 1 0
github.com/mrqdt/magnum-opus/candle-service/internal/consumer/consumer.go:512.21,513.20 1 0
github.com/mrqdt/magnum-opus/candle-service/internal/consumer/consumer.go:514.11,514.11 0 0
github.com/mrqdt/magnum-opus/candle-service/internal/consumer/consumer.go:516.3,516.27 1 0
github.com/mrqdt/magnum-opus/candle-service/internal/consumer/consumer.go:516.27,518.4 1 0
github.com/mrqdt/magnum-opus/candle-service/internal/consumer/consumer.go:520.3,530.17 5 0
github.com/mrqdt/magnum-opus/candle-service/internal/consumer/consumer.go:530.17,531.77 1 0
github.com/mrqdt/magnum-opus/candle-service/internal/consumer/consumer.go:531.77,532.13 1 0
github.com/mrqdt/magnum-opus/candle-service/internal/consumer/consumer.go:534.4,534.24 1 0
github.com/mrqdt/magnum-opus/candle-service/internal/consumer/consumer.go:534.24,536.5 1 0
github.com/mrqdt/magnum-opus/candle-service/internal/consumer/consumer.go:537.4,537.58 1 0
github.com/mrqdt/magnum-opus/candle-service/internal/consumer/consumer.go:540.3,540.31 1 0
github.com/mrqdt/magnum-opus/candle-service/internal/consumer/consumer.go:540.31,541.40 1 0
github.com/mrqdt/magnum-opus/candle-service/internal/consumer/consumer.go:541.40,543.5 1 0
github.com/mrqdt/magnum-opus/candle-service/internal/consumer/consumer.go:550.60,558.83 6 1
github.com/mrqdt/magnum-opus/candle-service/internal/consumer/consumer.go:558.83,560.3 1 0
github.com/mrqdt/magnum-opus/candle-service/internal/consumer/consumer.go:562.2,562.21 1 1
github.com/mrqdt/magnum-opus/candle-service/internal/consumer/consumer.go:563.17,567.15 4 1
github.com/mrqdt/magnum-opus/candle-service/internal/consumer/consumer.go:567.15,568.31 1 0
github.com/mrqdt/magnum-opus/candle-service/internal/consumer/consumer.go:568.31,570.5 1 0
github.com/mrqdt/magnum-opus/candle-service/internal/consumer/consumer.go:570.10,570.67 1 0
github.com/mrqdt/magnum-opus/candle-service/internal/consumer/consumer.go:570.67,572.5 1 0
github.com/mrqdt/magnum-opus/candle-service/internal/consumer/consumer.go:572.10,574.5 1 0
github.com/mrqdt/magnum-opus/candle-service/internal/consumer/consumer.go:576.3,581.15 4 1
github.com/mrqdt/magnum-opus/candle-service/internal/consumer/consumer.go:581.15,584.4 2 0
github.com/mrqdt/magnum-opus/candle-service/internal/consumer/consumer.go:586.16,588.31 2 0
github.com/mrqdt/magnum-opus/candle-service/internal/consumer/consumer.go:590.21,592.41 2 0
github.com/mrqdt/magnum-opus/candle-service/internal/consumer/consumer.go:594.20,596.43 1 0
github.com/mrqdt/magnum-opus/candle-service/internal/consumer/messages.go:51.56,53.12 2 8
github.com/mrqdt/magnum-opus/candle-service/internal/consumer/messages.go:54.14,65.4 1 4
github.com/mrqdt/magnum-opus/candle-service/internal/consumer/messages.go:66.13,77.4 1 1
github.com/mrqdt/magnum-opus/candle-service/internal/consumer/messages.go:78.18,85.4 1 1
github.com/mrqdt/magnum-opus/candle-service/internal/consumer/messages.go:86.10,87.43 1 2
github.com/mrqdt/magnum-opus/candle-service/internal/consumer/messages.go:91.30,94.2 2 15
github.com/mrqdt/magnum-opus/candle-service/internal/consumer/messages.go:96.30,97.23 1 17
github.com/mrqdt/magnum-opus/candle-service/internal/consumer/messages.go:98.14,100.11 2 16
github.com/mrqdt/magnum-opus/candle-service/internal/consumer/messages.go:101.13,102.11 1 0
github.com/mrqdt/magnum-opus/candle-service/internal/consumer/messages.go:103.15,104.18 1 0
github.com/mrqdt/magnum-opus/candle-service/internal/consumer/messages.go:106.2,106.10 1 1
github.com/mrqdt/magnum-opus/candle-service/internal/consumer/obadapter.go:13.55,15.2 1 4
github.com/mrqdt/magnum-opus/candle-service/internal/consumer/obadapter.go:17.39,26.2 1 5
github.com/mrqdt/magnum-opus/candle-service/internal/consumer/obadapter.go:28.52,33.2 1 4
github.com/mrqdt/magnum-opus/candle-service/internal/consumer/obadapter.go:35.43,44.2 1 1
github.com/mrqdt/magnum-opus/candle-service/internal/consumer/obadapter.go:46.79,48.2 1 4
github.com/mrqdt/magnum-opus/candle-service/internal/consumer/obadapter.go:50.55,52.2 1 0
github.com/mrqdt/magnum-opus/candle-service/internal/flusher/flusher.go:65.56,76.2 1 0
github.com/mrqdt/magnum-opus/candle-service/internal/flusher/flusher.go:81.50,83.35 1 0
github.com/mrqdt/magnum-opus/candle-service/internal/flusher/flusher.go:83.35,85.17 2 0
github.com/mrqdt/magnum-opus/candle-service/internal/flusher/flusher.go:85.17,87.4 1 0
github.com/mrqdt/magnum-opus/candle-service/internal/flusher/flusher.go:88.3,88.32 1 0
github.com/mrqdt/magnum-opus/candle-service/internal/flusher/flusher.go:92.2,92.42 1 0
github.com/mrqdt/magnum-opus/candle-service/internal/flusher/flusher.go:92.42,94.3 1 0
github.com/mrqdt/magnum-opus/candle-service/internal/flusher/flusher.go:96.2,96.6 1 0
github.com/mrqdt/magnum-opus/candle-service/internal/flusher/flusher.go:96.6,98.17 2 0
github.com/mrqdt/magnum-opus/candle-service/internal/flusher/flusher.go:98.17,100.4 1 0
github.com/mrqdt/magnum-opus/candle-service/internal/flusher/flusher.go:101.3,103.10 2 0
github.com/mrqdt/magnum-opus/candle-service/internal/flusher/flusher.go:104.21,105.20 1 0
github.com/mrqdt/magnum-opus/candle-service/internal/flusher/flusher.go:106.39,106.39 0 0
github.com/mrqdt/magnum-opus/candle-service/internal/flusher/flusher.go:110.3,111.53 2 0
github.com/mrqdt/magnum-opus/candle-service/internal/flusher/flusher.go:111.53,113.4 1 0
github.com/mrqdt/magnum-opus/candle-service/internal/flusher/flusher.go:118.57,120.16 2 0
github.com/mrqdt/magnum-opus/candle-service/internal/flusher/flusher.go:120.16,122.3 1 0
github.com/mrqdt/magnum-opus/candle-service/internal/flusher/flusher.go:123.2,123.9 1 0
github.com/mrqdt/magnum-opus/candle-service/internal/flusher/flusher.go:123.9,126.3 2 0
github.com/mrqdt/magnum-opus/candle-service/internal/flusher/flusher.go:128.2,130.23 3 0
github.com/mrqdt/magnum-opus/candle-service/internal/flusher/flusher.go:130.23,133.3 2 0
github.com/mrqdt/magnum-opus/candle-service/internal/flusher/flusher.go:135.2,138.28 2 0
github.com/mrqdt/magnum-opus/candle-service/internal/flusher/flusher.go:138.28,140.63 1 0
github.com/mrqdt/magnum-opus/candle-service/internal/flusher/flusher.go:140.63,143.4 1 0
github.com/mrqdt/magnum-opus/candle-service/internal/flusher/flusher.go:143.9,143.21 1 0
github.com/mrqdt/magnum-opus/candle-service/internal/flusher/flusher.go:143.21,145.12 2 0
github.com/mrqdt/magnum-opus/candle-service/internal/flusher/flusher.go:148.3,148.45 1 0
github.com/mrqdt/magnum-opus/candle-service/internal/flusher/flusher.go:148.45,151.4 1 0
github.com/mrqdt/magnum-opus/candle-service/internal/flusher/flusher.go:153.2,153.12 1 0
github.com/mrqdt/magnum-opus/candle-service/internal/flusher/flusher.go:157.72,162.16 4 0
github.com/mrqdt/magnum-opus/candle-service/internal/flusher/flusher.go:162.16,165.11 2 0
github.com/mrqdt/magnum-opus/candle-service/internal/flusher/flusher.go:165.11,165.82 1 0
github.com/mrqdt/magnum-opus/candle-service/internal/flusher/flusher.go:166.11,166.51 1 0
github.com/mrqdt/magnum-opus/candle-service/internal/flusher/flusher.go:169.3,169.43 1 0
github.com/mrqdt/magnum-opus/candle-service/internal/flusher/flusher.go:172.2,172.20 1 0
github.com/mrqdt/magnum-opus/candle-service/internal/flusher/flusher.go:172.20,176.3 2 0
github.com/mrqdt/magnum-opus/candle-service/internal/flusher/flusher.go:178.2,179.16 2 0
github.com/mrqdt/magnum-opus/candle-service/internal/flusher/flusher.go:179.16,182.11 2 0
github.com/mrqdt/magnum-opus/candle-service/internal/flusher/flusher.go:182.11,182.90 1 0
github.com/mrqdt/magnum-opus/candle-service/internal/flusher/flusher.go:183.11,183.51 1 0
github.com/mrqdt/magnum-opus/candle-service/internal/flusher/flusher.go:186.3,186.46 1 0
github.com/mrqdt/magnum-opus/candle-service/internal/flusher/flusher.go:189.2,192.68 3 0
github.com/mrqdt/magnum-opus/candle-service/internal/flusher/flusher.go:192.68,195.11 2 0
github.com/mrqdt/magnum-opus/candle-service/internal/flusher/flusher.go:195.11,195.90 1 0
github.com/mrqdt/magnum-opus/candle-service/internal/flusher/flusher.go:196.11,196.51 1 0
github.com/mrqdt/magnum-opus/candle-service/internal/flusher/flusher.go:199.3,199.45 1 0
github.com/mrqdt/magnum-opus/candle-service/internal/flusher/flusher.go:202.2,206.94 3 0
github.com/mrqdt/magnum-opus/candle-service/internal/flusher/flusher.go:206.94,209.3 1 0
github.com/mrqdt/magnum-opus/candle-service/internal/flusher/flusher.go:211.2,215.24 2 0
github.com/mrqdt/magnum-opus/candle-service/internal/flusher/flusher.go:215.24,217.3 1 0
github.com/mrqdt/magnum-opus/candle-service/internal/flusher/flusher.go:218.2,218.12 1 0
github.com/mrqdt/magnum-opus/candle-service/internal/flusher/flusher.go:222.91,235.16 8 0
github.com/mrqdt/magnum-opus/candle-service/internal/flusher/flusher.go:235.16,237.3 1 0
github.com/mrqdt/magnum-opus/candle-service/internal/flusher/flusher.go:238.2,239.16 2 0
github.com/mrqdt/magnum-opus/candle-service/internal/flusher/flusher.go:239.16,241.3 1 0
github.com/mrqdt/magnum-opus/candle-service/internal/flusher/flusher.go:242.2,243.38 2 0
github.com/mrqdt/magnum-opus/candle-service/internal/flusher/flusher.go:243.38,246.3 2 0
github.com/mrqdt/magnum-opus/candle-service/internal/flusher/flusher.go:248.2,251.16 3 0
github.com/mrqdt/magnum-opus/candle-service/internal/flusher/flusher.go:251.16,253.3 1 0
github.com/mrqdt/magnum-opus/candle-service/internal/flusher/flusher.go:254.2,255.29 2 0
github.com/mrqdt/magnum-opus/candle-service/internal/flusher/flusher.go:255.29,257.3 1 0
github.com/mrqdt/magnum-opus/candle-service/internal/flusher/flusher.go:259.2,260.6 2 0
github.com/mrqdt/magnum-opus/candle-service/internal/flusher/flusher.go:260.6,262.20 2 0
github.com/mrqdt/magnum-opus/candle-service/internal/flusher/flusher.go:262.20,263.9 1 0
github.com/mrqdt/magnum-opus/candle-service/internal/flusher/flusher.go:265.3,265.17 1 0
github.com/mrqdt/magnum-opus/candle-service/internal/flusher/flusher.go:265.17,267.4 1 0
github.com/mrqdt/magnum-opus/candle-service/internal/flusher/flusher.go:268.3,269.17 2 0
github.com/mrqdt/magnum-opus/candle-service/internal/flusher/flusher.go:269.17,271.4 1 0
github.com/mrqdt/magnum-opus/candle-service/internal/flusher/flusher.go:272.3,272.27 1 0
github.com/mrqdt/magnum-opus/candle-service/internal/flusher/flusher.go:274.2,274.18 1 0
github.com/mrqdt/magnum-opus/candle-service/internal/flusher/flusher.go:278.70,284.41 3 0
github.com/mrqdt/magnum-opus/candle-service/internal/flusher/flusher.go:284.41,286.3 1 0
github.com/mrqdt/magnum-opus/candle-service/internal/flusher/flusher.go:287.2,287.34 1 0
github.com/mrqdt/magnum-opus/candle-service/internal/flusher/flusher.go:287.34,289.3 1 0
github.com/mrqdt/magnum-opus/candle-service/internal/flusher/flusher.go:290.2,290.25 1 0
github.com/mrqdt/magnum-opus/candle-service/internal/flusher/flusher.go:294.41,299.54 2 0
github.com/mrqdt/magnum-opus/candle-service/internal/flusher/flusher.go:299.54,302.3 2 0
github.com/mrqdt/magnum-opus/candle-service/internal/flusher/flusher.go:308.88,311.33 2 0
github.com/mrqdt/magnum-opus/candle-service/internal/flusher/flusher.go:311.33,319.3 2 0
github.com/mrqdt/magnum-opus/candle-service/internal/flusher/flusher.go:322.2,327.16 2 0
github.com/mrqdt/magnum-opus/candle-service/internal/flusher/flusher.go:327.16,329.3 1 0
github.com/mrqdt/magnum-opus/candle-service/internal/flusher/flusher.go:330.2,332.18 2 0
github.com/mrqdt/magnum-opus/candle-service/internal/flusher/flusher.go:332.18,340.3 3 0
github.com/mrqdt/magnum-opus/candle-service/internal/flusher/flusher.go:342.2,343.42 2 0
github.com/mrqdt/magnum-opus/candle-service/internal/flusher/flusher.go:343.42,346.22 3 0
github.com/mrqdt/magnum-opus/candle-service/internal/flusher/flusher.go:346.22,348.4 1 0
github.com/mrqdt/magnum-opus/candle-service/internal/flusher/flusher.go:349.3,358.17 3 0
github.com/mrqdt/magnum-opus/candle-service/internal/flusher/flusher.go:358.17,361.4 2 0
github.com/mrqdt/magnum-opus/candle-service/internal/flusher/flusher.go:362.3,365.5 1 0
github.com/mrqdt/magnum-opus/candle-service/internal/flusher/flusher.go:368.2,376.16 2 0
github.com/mrqdt/magnum-opus/candle-service/internal/flusher/flusher.go:376.16,379.3 2 0
github.com/mrqdt/magnum-opus/candle-service/internal/flusher/flusher.go:380.2,380.12 1 0
github.com/mrqdt/magnum-opus/candle-service/internal/flusher/flusher.go:384.149,387.13 3 0
github.com/mrqdt/magnum-opus/candle-service/internal/flusher/flusher.go:387.13,389.3 1 0
github.com/mrqdt/magnum-opus/candle-service/internal/flusher/flusher.go:390.2,399.16 6 0
github.com/mrqdt/magnum-opus/candle-service/internal/flusher/flusher.go:399.16,402.3 2 0
github.com/mrqdt/magnum-opus/candle-service/internal/flusher/flusher.go:403.2,404.16 2 0
github.com/mrqdt/magnum-opus/candle-service/internal/flusher/flusher.go:404.16,407.3 2 0
github.com/mrqdt/magnum-opus/candle-service/internal/flusher/flusher.go:408.2,412.115 3 0
github.com/mrqdt/magnum-opus/candle-service/internal/flusher/flusher.go:412.115,414.3 1 0
github.com/mrqdt/magnum-opus/candle-service/internal/flusher/flusher.go:418.84,429.16 5 0
github.com/mrqdt/magnum-opus/candle-service/internal/flusher/flusher.go:429.16,432.30 2 0
github.com/mrqdt/magnum-opus/candle-service/internal/flusher/flusher.go:432.30,434.4 1 0
github.com/mrqdt/magnum-opus/candle-service/internal/flusher/flusher.go:440.98,442.44 2 1
github.com/mrqdt/magnum-opus/candle-service/internal/flusher/flusher.go:442.44,444.3 1 0
github.com/mrqdt/magnum-opus/candle-service/internal/flusher/flusher.go:445.2,450.3 1 1
github.com/mrqdt/magnum-opus/candle-service/internal/flusher/flusher.go:456.64,459.22 3 1
github.com/mrqdt/magnum-opus/candle-service/internal/flusher/flusher.go:459.22,461.3 1 1
github.com/mrqdt/magnum-opus/candle-service/internal/flusher/flusher.go:465.83,467.29 2 0
github.com/mrqdt/magnum-opus/candle-service/internal/flusher/flusher.go:467.29,469.17 2 0
github.com/mrqdt/magnum-opus/candle-service/internal/flusher/flusher.go:469.17,471.4 1 0
github.com/mrqdt/magnum-opus/candle-service/internal/flusher/flusher.go:472.3,473.29 1 0
github.com/mrqdt/magnum-opus/candle-service/internal/flusher/flusher.go:477.2,477.39 1 0
github.com/mrqdt/magnum-opus/candle-service/internal/flusher/flusher.go:481.89,485.16 4 0
github.com/mrqdt/magnum-opus/candle-service/internal/flusher/flusher.go:485.16,487.3 1 0
github.com/mrqdt/magnum-opus/candle-service/internal/flusher/flusher.go:488.2,489.16 2 0
github.com/mrqdt/magnum-opus/candle-service/internal/flusher/flusher.go:489.16,491.3 1 0
github.com/mrqdt/magnum-opus/candle-service/internal/flusher/flusher.go:492.2,497.67 3 0
github.com/mrqdt/magnum-opus/candle-service/internal/flusher/flusher.go:497.67,499.3 1 0
github.com/mrqdt/magnum-opus/candle-service/internal/flusher/flusher.go:500.2,500.61 1 0
github.com/mrqdt/magnum-opus/candle-service/internal/flusher/flusher.go:500.61,502.3 1 0
github.com/mrqdt/magnum-opus/candle-service/internal/flusher/flusher.go:506.2,508.83 2 0
github.com/mrqdt/magnum-opus/candle-service/internal/flusher/flusher.go:508.83,509.52 1 0
github.com/mrqdt/magnum-opus/candle-service/internal/flusher/flusher.go:509.52,511.4 1 0
github.com/mrqdt/magnum-opus/candle-service/internal/flusher/flusher.go:514.2,514.58 1 0
github.com/mrqdt/magnum-opus/candle-service/internal/flusher/flusher.go:514.58,516.3 1 0
github.com/mrqdt/magnum-opus/candle-service/internal/flusher/flusher.go:517.2,517.77 1 0
github.com/mrqdt/magnum-opus/candle-service/internal/flusher/flusher.go:521.89,530.16 6 0
github.com/mrqdt/magnum-opus/candle-service/internal/flusher/flusher.go:530.16,532.3 1 0
github.com/mrqdt/magnum-opus/candle-service/internal/flusher/flusher.go:533.2,534.16 2 0
github.com/mrqdt/magnum-opus/candle-service/internal/flusher/flusher.go:534.16,536.3 1 0
github.com/mrqdt/magnum-opus/candle-service/internal/flusher/flusher.go:537.2,542.67 3 0
github.com/mrqdt/magnum-opus/candle-service/internal/flusher/flusher.go:542.67,544.3 1 0
github.com/mrqdt/magnum-opus/candle-service/internal/flusher/flusher.go:545.2,545.61 1 0
github.com/mrqdt/magnum-opus/candle-service/internal/flusher/flusher.go:545.61,547.3 1 0
github.com/mrqdt/magnum-opus/candle-service/internal/flusher/flusher.go:548.2,549.19 2 0
github.com/mrqdt/magnum-opus/candle-service/internal/flusher/flusher.go:555.75,557.21 2 4
github.com/mrqdt/magnum-opus/candle-service/internal/flusher/flusher.go:557.21,559.3 1 1
github.com/mrqdt/magnum-opus/candle-service/internal/flusher/flusher.go:560.2,561.41 2 3
github.com/mrqdt/magnum-opus/candle-service/internal/flusher/flusher.go:561.41,563.3 1 0
github.com/mrqdt/magnum-opus/candle-service/internal/flusher/flusher.go:564.2,565.45 2 3
github.com/mrqdt/magnum-opus/candle-service/internal/flusher/flusher.go:565.45,567.3 1 0
github.com/mrqdt/magnum-opus/candle-service/internal/flusher/flusher.go:569.2,571.25 3 3
github.com/mrqdt/magnum-opus/candle-service/internal/flusher/flusher.go:571.25,573.3 1 2
github.com/mrqdt/magnum-opus/candle-service/internal/flusher/flusher.go:574.2,574.23 1 3
github.com/mrqdt/magnum-opus/candle-service/internal/flusher/flusher.go:579.61,583.59 4 3
github.com/mrqdt/magnum-opus/candle-service/internal/flusher/flusher.go:583.59,585.3 1 3
github.com/mrqdt/magnum-opus/candle-service/internal/flusher/flusher.go:586.2,586.14 1 3
github.com/mrqdt/magnum-opus/candle-service/internal/flusher/flusher.go:590.36,592.2 1 3
github.com/mrqdt/magnum-opus/candle-service/internal/flusher/flusher.go:599.75,604.2 1 0
github.com/mrqdt/magnum-opus/candle-service/internal/flusher/flusher.go:606.75,607.33 1 0
github.com/mrqdt/magnum-opus/candle-service/internal/flusher/flusher.go:607.33,609.27 2 0
github.com/mrqdt/magnum-opus/candle-service/internal/flusher/flusher.go:609.27,611.4 1 0
github.com/mrqdt/magnum-opus/candle-service/internal/flusher/flusher.go:612.3,612.16 1 0
github.com/mrqdt/magnum-opus/candle-service/internal/flusher/flusher.go:616.2,619.83 4 0
github.com/mrqdt/magnum-opus/candle-service/internal/flusher/flusher.go:619.83,620.54 1 0
github.com/mrqdt/magnum-opus/candle-service/internal/flusher/flusher.go:620.54,623.9 3 0
github.com/mrqdt/magnum-opus/candle-service/internal/flusher/flusher.go:626.2,626.13 1 0
github.com/mrqdt/magnum-opus/candle-service/internal/flusher/flusher.go:626.13,628.3 1 0
github.com/mrqdt/magnum-opus/candle-service/internal/flusher/flusher.go:630.2,712.36 73 0
github.com/mrqdt/magnum-opus/candle-service/internal/flusher/flusher.go:712.36,713.56 1 0
github.com/mrqdt/magnum-opus/candle-service/internal/flusher/flusher.go:713.56,715.4 1 0
github.com/mrqdt/magnum-opus/candle-service/internal/flusher/flusher.go:717.2,717.36 1 0
github.com/mrqdt/magnum-opus/candle-service/internal/flusher/flusher.go:717.36,718.56 1 0
github.com/mrqdt/magnum-opus/candle-service/internal/flusher/flusher.go:718.56,720.4 1 0
github.com/mrqdt/magnum-opus/candle-service/internal/flusher/flusher.go:723.2,723.17 1 0
github.com/mrqdt/magnum-opus/candle-service/internal/flusher/flusher.go:726.36,727.13 1 2
github.com/mrqdt/magnum-opus/candle-service/internal/flusher/flusher.go:727.13,729.3 1 1
github.com/mrqdt/magnum-opus/candle-service/internal/flusher/flusher.go:730.2,731.16 2 1
github.com/mrqdt/magnum-opus/candle-service/internal/flusher/flusher.go:731.16,733.3 1 0
github.com/mrqdt/magnum-opus/candle-service/internal/flusher/flusher.go:734.2,734.11 1 1
github.com/mrqdt/magnum-opus/candle-service/internal/flusher/flusher.go:737.34,738.13 1 2
github.com/mrqdt/magnum-opus/candle-service/internal/flusher/flusher.go:738.13,740.3 1 1
github.com/mrqdt/magnum-opus/candle-service/internal/flusher/flusher.go:741.2,742.16 2 1
github.com/mrqdt/magnum-opus/candle-service/internal/flusher/flusher.go:742.16,744.3 1 0
github.com/mrqdt/magnum-opus/candle-service/internal/flusher/flusher.go:745.2,746.11 2 1
